

Started GET "/" for ::1 at 2015-05-15 19:41:19 -0400

ActiveRecord::PendingMigrationError (

Migrations are pending. To resolve this issue, run:

	bin/rake db:migrate RAILS_ENV=development

):
  activerecord (4.2.1) lib/active_record/migration.rb:393:in `check_pending!'
  activerecord (4.2.1) lib/active_record/migration.rb:374:in `call'
  actionpack (4.2.1) lib/action_dispatch/middleware/callbacks.rb:29:in `block in call'
  activesupport (4.2.1) lib/active_support/callbacks.rb:88:in `call'
  activesupport (4.2.1) lib/active_support/callbacks.rb:88:in `_run_callbacks'
  activesupport (4.2.1) lib/active_support/callbacks.rb:776:in `_run_call_callbacks'
  activesupport (4.2.1) lib/active_support/callbacks.rb:81:in `run_callbacks'
  actionpack (4.2.1) lib/action_dispatch/middleware/callbacks.rb:27:in `call'
  actionpack (4.2.1) lib/action_dispatch/middleware/reloader.rb:73:in `call'
  actionpack (4.2.1) lib/action_dispatch/middleware/remote_ip.rb:78:in `call'
  actionpack (4.2.1) lib/action_dispatch/middleware/debug_exceptions.rb:17:in `call'
  web-console (2.1.2) lib/web_console/middleware.rb:37:in `call'
  actionpack (4.2.1) lib/action_dispatch/middleware/show_exceptions.rb:30:in `call'
  railties (4.2.1) lib/rails/rack/logger.rb:38:in `call_app'
  railties (4.2.1) lib/rails/rack/logger.rb:20:in `block in call'
  activesupport (4.2.1) lib/active_support/tagged_logging.rb:68:in `block in tagged'
  activesupport (4.2.1) lib/active_support/tagged_logging.rb:26:in `tagged'
  activesupport (4.2.1) lib/active_support/tagged_logging.rb:68:in `tagged'
  railties (4.2.1) lib/rails/rack/logger.rb:20:in `call'
  actionpack (4.2.1) lib/action_dispatch/middleware/request_id.rb:21:in `call'
  rack (1.6.1) lib/rack/methodoverride.rb:22:in `call'
  rack (1.6.1) lib/rack/runtime.rb:18:in `call'
  activesupport (4.2.1) lib/active_support/cache/strategy/local_cache_middleware.rb:28:in `call'
  rack (1.6.1) lib/rack/lock.rb:17:in `call'
  actionpack (4.2.1) lib/action_dispatch/middleware/static.rb:113:in `call'
  rack (1.6.1) lib/rack/sendfile.rb:113:in `call'
  railties (4.2.1) lib/rails/engine.rb:518:in `call'
  railties (4.2.1) lib/rails/application.rb:164:in `call'
  rack (1.6.1) lib/rack/lock.rb:17:in `call'
  rack (1.6.1) lib/rack/content_length.rb:15:in `call'
  rack (1.6.1) lib/rack/handler/webrick.rb:89:in `service'
  /usr/local/Cellar/ruby/2.2.2/lib/ruby/2.2.0/webrick/httpserver.rb:138:in `service'
  /usr/local/Cellar/ruby/2.2.2/lib/ruby/2.2.0/webrick/httpserver.rb:94:in `run'
  /usr/local/Cellar/ruby/2.2.2/lib/ruby/2.2.0/webrick/server.rb:294:in `block in start_thread'


  Rendered /usr/local/lib/ruby/gems/2.2.0/gems/actionpack-4.2.1/lib/action_dispatch/middleware/templates/rescues/_source.erb (2.1ms)
  Rendered /usr/local/lib/ruby/gems/2.2.0/gems/actionpack-4.2.1/lib/action_dispatch/middleware/templates/rescues/_trace.html.erb (2.1ms)
  Rendered /usr/local/lib/ruby/gems/2.2.0/gems/actionpack-4.2.1/lib/action_dispatch/middleware/templates/rescues/_request_and_response.html.erb (0.9ms)
  Rendered /usr/local/lib/ruby/gems/2.2.0/gems/actionpack-4.2.1/lib/action_dispatch/middleware/templates/rescues/diagnostics.html.erb within rescues/layout (48.8ms)
  Rendered /usr/local/lib/ruby/gems/2.2.0/gems/web-console-2.1.2/lib/web_console/templates/_markup.html.erb (0.4ms)
  Rendered /usr/local/lib/ruby/gems/2.2.0/gems/web-console-2.1.2/lib/web_console/templates/style.css.erb within layouts/inlined_string (0.3ms)
  Rendered /usr/local/lib/ruby/gems/2.2.0/gems/web-console-2.1.2/lib/web_console/templates/_inner_console_markup.html.erb within layouts/inlined_string (0.4ms)
  Rendered /usr/local/lib/ruby/gems/2.2.0/gems/web-console-2.1.2/lib/web_console/templates/_prompt_box_markup.html.erb within layouts/inlined_string (0.3ms)
  Rendered /usr/local/lib/ruby/gems/2.2.0/gems/web-console-2.1.2/lib/web_console/templates/console.js.erb within layouts/javascript (44.6ms)
  Rendered /usr/local/lib/ruby/gems/2.2.0/gems/web-console-2.1.2/lib/web_console/templates/main.js.erb within layouts/javascript (0.3ms)
  Rendered /usr/local/lib/ruby/gems/2.2.0/gems/web-console-2.1.2/lib/web_console/templates/error_page.js.erb within layouts/javascript (0.4ms)
  Rendered /usr/local/lib/ruby/gems/2.2.0/gems/web-console-2.1.2/lib/web_console/templates/index.html.erb (97.5ms)
  [1m[36m (1.3ms)[0m  [1mCREATE TABLE "schema_migrations" ("version" varchar NOT NULL) [0m
  [1m[35m (0.1ms)[0m  select sqlite_version(*)
  [1m[36m (0.8ms)[0m  [1mCREATE UNIQUE INDEX "unique_schema_migrations" ON "schema_migrations" ("version")[0m
  [1m[35mActiveRecord::SchemaMigration Load (0.1ms)[0m  SELECT "schema_migrations".* FROM "schema_migrations"
Migrating to CreateFoods (20150515185820)
  [1m[36m (0.1ms)[0m  [1mbegin transaction[0m
  [1m[35m (0.4ms)[0m  CREATE TABLE "foods" ("id" INTEGER PRIMARY KEY AUTOINCREMENT NOT NULL, "name" varchar, "image" varchar, "days_to_expiration" integer, "created_at" datetime NOT NULL, "updated_at" datetime NOT NULL) 
  [1m[36mSQL (0.2ms)[0m  [1mINSERT INTO "schema_migrations" ("version") VALUES (?)[0m  [["version", "20150515185820"]]
  [1m[35m (0.7ms)[0m  commit transaction
Migrating to CreateFoodCategories (20150515233935)
  [1m[36m (0.0ms)[0m  [1mbegin transaction[0m
  [1m[35m (0.3ms)[0m  CREATE TABLE "food_categories" ("id" INTEGER PRIMARY KEY AUTOINCREMENT NOT NULL, "name" varchar, "image" varchar, "created_at" datetime NOT NULL, "updated_at" datetime NOT NULL) 
  [1m[36mSQL (0.1ms)[0m  [1mINSERT INTO "schema_migrations" ("version") VALUES (?)[0m  [["version", "20150515233935"]]
  [1m[35m (0.6ms)[0m  commit transaction
  [1m[36mActiveRecord::SchemaMigration Load (0.1ms)[0m  [1mSELECT "schema_migrations".* FROM "schema_migrations"[0m


Started GET "/" for ::1 at 2015-05-15 19:41:32 -0400
  [1m[36mActiveRecord::SchemaMigration Load (0.2ms)[0m  [1mSELECT "schema_migrations".* FROM "schema_migrations"[0m
Processing by Rails::WelcomeController#index as HTML
  Rendered /usr/local/lib/ruby/gems/2.2.0/gems/railties-4.2.1/lib/rails/templates/rails/welcome/index.html.erb (0.6ms)
Completed 200 OK in 10ms (Views: 2.9ms | ActiveRecord: 0.0ms)


Started GET "/food_categories" for ::1 at 2015-05-15 19:41:37 -0400
Processing by FoodCategoriesController#index as HTML
  [1m[35mFoodCategory Load (0.2ms)[0m  SELECT "food_categories".* FROM "food_categories"
  Rendered food_categories/index.html.erb within layouts/application (1.5ms)
Completed 200 OK in 1473ms (Views: 1465.6ms | ActiveRecord: 0.2ms)


Started GET "/food_categories/new" for ::1 at 2015-05-15 19:41:46 -0400
Processing by FoodCategoriesController#new as HTML
  Rendered food_categories/_form.html.erb (23.3ms)
  Rendered food_categories/new.html.erb within layouts/application (25.9ms)
Completed 200 OK in 81ms (Views: 75.2ms | ActiveRecord: 0.4ms)


Started GET "/food_categories/new" for ::1 at 2015-05-15 19:43:16 -0400
Processing by FoodCategoriesController#new as HTML
  Rendered food_categories/_form.html.erb (2.6ms)
  Rendered food_categories/new.html.erb within layouts/application (4.4ms)
Completed 200 OK in 44ms (Views: 43.8ms | ActiveRecord: 0.0ms)


Started GET "/assets/food_categories.self-e3b0c44298fc1c149afbf4c8996fb92427ae41e4649b934ca495991b7852b855.css?body=1" for ::1 at 2015-05-15 19:43:16 -0400


Started GET "/assets/foods.self-b60acab5af8d245ed2b3012f77d11d8d207d8eada27756badaf4ef05770d60f6.css?body=1" for ::1 at 2015-05-15 19:43:16 -0400


Started GET "/assets/application.self-e80e8f2318043e8af94dddc2adad5a4f09739a8ebb323b3ab31cd71d45fd9113.css?body=1" for ::1 at 2015-05-15 19:43:16 -0400


Started GET "/assets/scaffolds.self-c5ed04c0da6144ecf9e6131e6ff6a7fcd8a1de4a1f88770942a6d567dd84b0cf.css?body=1" for ::1 at 2015-05-15 19:43:16 -0400


Started GET "/assets/jquery.self-d03a5518f45df77341bdbe6201ba3bfa547ebba8ed64f0ea56bfa5f96ea7c074.js?body=1" for ::1 at 2015-05-15 19:43:16 -0400


Started GET "/assets/scaffold.self-83b741db49389dc7cfdf85bf7537a0219cce48e085c4116afc83d55c9af47c78.css?body=1" for ::1 at 2015-05-15 19:43:16 -0400


Started GET "/assets/jquery_ujs.self-8e98a7a072a6cee1372d19fff9ff3e6aa1e39a37d89d6f06861637d061113ee7.js?body=1" for ::1 at 2015-05-15 19:43:16 -0400


Started GET "/assets/turbolinks.self-c37727e9bd6b2735da5c311aa83fead54ed0be6cc8bd9a65309e9c5abe2cbfff.js?body=1" for ::1 at 2015-05-15 19:43:16 -0400


Started GET "/assets/food_categories.self-877aef30ae1b040ab8a3aba4e3e309a11d7f2612f44dde450b5c157aa5f95c05.js?body=1" for ::1 at 2015-05-15 19:43:16 -0400


Started GET "/assets/foods.self-19a187bec6cdb96d6de80a61c16c857c613536adf9138476bd367db38d282635.js?body=1" for ::1 at 2015-05-15 19:43:16 -0400


Started GET "/assets/application.self-3b8dabdc891efe46b9a144b400ad69e37d7e5876bdc39dee783419a69d7ca819.js?body=1" for ::1 at 2015-05-15 19:43:16 -0400


Started GET "/food_categories" for ::1 at 2015-05-15 19:43:18 -0400
Processing by FoodCategoriesController#index as HTML
  [1m[36mFoodCategory Load (0.1ms)[0m  [1mSELECT "food_categories".* FROM "food_categories"[0m
  Rendered food_categories/index.html.erb within layouts/application (1.8ms)
Completed 200 OK in 52ms (Views: 50.9ms | ActiveRecord: 0.1ms)


Started GET "/food_categories" for ::1 at 2015-05-15 19:43:19 -0400
Processing by FoodCategoriesController#index as HTML
  [1m[35mFoodCategory Load (0.1ms)[0m  SELECT "food_categories".* FROM "food_categories"
  Rendered food_categories/index.html.erb within layouts/application (0.8ms)
Completed 200 OK in 36ms (Views: 35.5ms | ActiveRecord: 0.1ms)


Started GET "/assets/food_categories.self-e3b0c44298fc1c149afbf4c8996fb92427ae41e4649b934ca495991b7852b855.css?body=1" for ::1 at 2015-05-15 19:43:19 -0400


Started GET "/assets/scaffolds.self-c5ed04c0da6144ecf9e6131e6ff6a7fcd8a1de4a1f88770942a6d567dd84b0cf.css?body=1" for ::1 at 2015-05-15 19:43:19 -0400


Started GET "/assets/application.self-e80e8f2318043e8af94dddc2adad5a4f09739a8ebb323b3ab31cd71d45fd9113.css?body=1" for ::1 at 2015-05-15 19:43:19 -0400


Started GET "/assets/scaffold.self-83b741db49389dc7cfdf85bf7537a0219cce48e085c4116afc83d55c9af47c78.css?body=1" for ::1 at 2015-05-15 19:43:19 -0400


Started GET "/assets/foods.self-b60acab5af8d245ed2b3012f77d11d8d207d8eada27756badaf4ef05770d60f6.css?body=1" for ::1 at 2015-05-15 19:43:19 -0400


Started GET "/assets/jquery.self-d03a5518f45df77341bdbe6201ba3bfa547ebba8ed64f0ea56bfa5f96ea7c074.js?body=1" for ::1 at 2015-05-15 19:43:19 -0400


Started GET "/assets/jquery_ujs.self-8e98a7a072a6cee1372d19fff9ff3e6aa1e39a37d89d6f06861637d061113ee7.js?body=1" for ::1 at 2015-05-15 19:43:19 -0400


Started GET "/assets/turbolinks.self-c37727e9bd6b2735da5c311aa83fead54ed0be6cc8bd9a65309e9c5abe2cbfff.js?body=1" for ::1 at 2015-05-15 19:43:19 -0400


Started GET "/assets/food_categories.self-877aef30ae1b040ab8a3aba4e3e309a11d7f2612f44dde450b5c157aa5f95c05.js?body=1" for ::1 at 2015-05-15 19:43:19 -0400


Started GET "/assets/foods.self-19a187bec6cdb96d6de80a61c16c857c613536adf9138476bd367db38d282635.js?body=1" for ::1 at 2015-05-15 19:43:19 -0400


Started GET "/assets/application.self-3b8dabdc891efe46b9a144b400ad69e37d7e5876bdc39dee783419a69d7ca819.js?body=1" for ::1 at 2015-05-15 19:43:19 -0400


Started GET "/food_categories/new" for ::1 at 2015-05-15 19:43:24 -0400
Processing by FoodCategoriesController#new as HTML
  Rendered food_categories/_form.html.erb (1.7ms)
  Rendered food_categories/new.html.erb within layouts/application (3.2ms)
Completed 200 OK in 31ms (Views: 30.6ms | ActiveRecord: 0.0ms)


Started GET "/" for ::1 at 2015-05-16 13:37:15 -0400
  [1m[36mActiveRecord::SchemaMigration Load (0.4ms)[0m  [1mSELECT "schema_migrations".* FROM "schema_migrations"[0m
Processing by Rails::WelcomeController#index as HTML
  Rendered /usr/local/lib/ruby/gems/2.2.0/gems/railties-4.2.1/lib/rails/templates/rails/welcome/index.html.erb (1.9ms)
Completed 200 OK in 20ms (Views: 10.6ms | ActiveRecord: 0.0ms)


Started GET "/food_categories" for ::1 at 2015-05-16 13:37:21 -0400
Processing by FoodCategoriesController#index as HTML
  [1m[35mFoodCategory Load (0.4ms)[0m  SELECT "food_categories".* FROM "food_categories"
  Rendered food_categories/index.html.erb within layouts/application (1.9ms)
Completed 200 OK in 172ms (Views: 165.7ms | ActiveRecord: 0.5ms)


Started GET "/food_categories/new" for ::1 at 2015-05-16 13:37:23 -0400
Processing by FoodCategoriesController#new as HTML
  Rendered food_categories/_form.html.erb (26.0ms)
  Rendered food_categories/new.html.erb within layouts/application (31.8ms)
Completed 200 OK in 62ms (Views: 59.3ms | ActiveRecord: 0.2ms)
  [1m[36mActiveRecord::SchemaMigration Load (0.1ms)[0m  [1mSELECT "schema_migrations".* FROM "schema_migrations"[0m
  [1m[35m (0.1ms)[0m  begin transaction
  [1m[36mSQL (1.0ms)[0m  [1mINSERT INTO "food_categories" ("name", "image", "created_at", "updated_at") VALUES (?, ?, ?, ?)[0m  [["name", "Fruits"], ["image", ""], ["created_at", "2015-05-16 17:38:03.103095"], ["updated_at", "2015-05-16 17:38:03.103095"]]
  [1m[35m (0.8ms)[0m  commit transaction
  [1m[36m (0.1ms)[0m  [1mbegin transaction[0m
  [1m[35mSQL (0.2ms)[0m  INSERT INTO "food_categories" ("name", "image", "created_at", "updated_at") VALUES (?, ?, ?, ?)  [["name", "Veggies"], ["image", ""], ["created_at", "2015-05-16 17:38:03.114741"], ["updated_at", "2015-05-16 17:38:03.114741"]]
  [1m[36m (0.6ms)[0m  [1mcommit transaction[0m
  [1m[35m (0.0ms)[0m  begin transaction
  [1m[36mSQL (0.2ms)[0m  [1mINSERT INTO "food_categories" ("name", "image", "created_at", "updated_at") VALUES (?, ?, ?, ?)[0m  [["name", "Meats"], ["image", ""], ["created_at", "2015-05-16 17:38:03.116812"], ["updated_at", "2015-05-16 17:38:03.116812"]]
  [1m[35m (0.6ms)[0m  commit transaction
  [1m[36m (0.0ms)[0m  [1mbegin transaction[0m
  [1m[35mSQL (0.2ms)[0m  INSERT INTO "food_categories" ("name", "image", "created_at", "updated_at") VALUES (?, ?, ?, ?)  [["name", "Diary"], ["image", ""], ["created_at", "2015-05-16 17:38:03.118547"], ["updated_at", "2015-05-16 17:38:03.118547"]]
  [1m[36m (0.6ms)[0m  [1mcommit transaction[0m
  [1m[35m (0.0ms)[0m  begin transaction
  [1m[36mSQL (0.2ms)[0m  [1mINSERT INTO "food_categories" ("name", "image", "created_at", "updated_at") VALUES (?, ?, ?, ?)[0m  [["name", "Deli"], ["image", ""], ["created_at", "2015-05-16 17:38:03.120324"], ["updated_at", "2015-05-16 17:38:03.120324"]]
  [1m[35m (0.6ms)[0m  commit transaction
  [1m[36mFoodCategory Load (0.2ms)[0m  [1mSELECT  "food_categories".* FROM "food_categories" WHERE "food_categories"."name" = ? LIMIT 1[0m  [["name", "Fruits"]]
  [1m[36mActiveRecord::SchemaMigration Load (0.1ms)[0m  [1mSELECT "schema_migrations".* FROM "schema_migrations"[0m
  [1m[35m (0.0ms)[0m  begin transaction
  [1m[36mSQL (1.1ms)[0m  [1mINSERT INTO "food_categories" ("name", "image", "created_at", "updated_at") VALUES (?, ?, ?, ?)[0m  [["name", "Fruits"], ["image", ""], ["created_at", "2015-05-16 17:39:35.061650"], ["updated_at", "2015-05-16 17:39:35.061650"]]
  [1m[35m (1.5ms)[0m  commit transaction
  [1m[36m (0.1ms)[0m  [1mbegin transaction[0m
  [1m[35mSQL (0.2ms)[0m  INSERT INTO "food_categories" ("name", "image", "created_at", "updated_at") VALUES (?, ?, ?, ?)  [["name", "Veggies"], ["image", ""], ["created_at", "2015-05-16 17:39:35.073099"], ["updated_at", "2015-05-16 17:39:35.073099"]]
  [1m[36m (0.8ms)[0m  [1mcommit transaction[0m
  [1m[35m (0.1ms)[0m  begin transaction
  [1m[36mSQL (0.2ms)[0m  [1mINSERT INTO "food_categories" ("name", "image", "created_at", "updated_at") VALUES (?, ?, ?, ?)[0m  [["name", "Meats"], ["image", ""], ["created_at", "2015-05-16 17:39:35.075351"], ["updated_at", "2015-05-16 17:39:35.075351"]]
  [1m[35m (0.6ms)[0m  commit transaction
  [1m[36m (0.1ms)[0m  [1mbegin transaction[0m
  [1m[35mSQL (0.2ms)[0m  INSERT INTO "food_categories" ("name", "image", "created_at", "updated_at") VALUES (?, ?, ?, ?)  [["name", "Diary"], ["image", ""], ["created_at", "2015-05-16 17:39:35.077304"], ["updated_at", "2015-05-16 17:39:35.077304"]]
  [1m[36m (0.6ms)[0m  [1mcommit transaction[0m
  [1m[35m (0.0ms)[0m  begin transaction
  [1m[36mSQL (0.2ms)[0m  [1mINSERT INTO "food_categories" ("name", "image", "created_at", "updated_at") VALUES (?, ?, ?, ?)[0m  [["name", "Deli"], ["image", ""], ["created_at", "2015-05-16 17:39:35.078992"], ["updated_at", "2015-05-16 17:39:35.078992"]]
  [1m[35m (0.6ms)[0m  commit transaction
  [1m[36mFoodCategory Load (0.2ms)[0m  [1mSELECT  "food_categories".* FROM "food_categories" WHERE "food_categories"."name" = ? LIMIT 1[0m  [["name", "Fruits"]]
  [1m[36mActiveRecord::SchemaMigration Load (0.1ms)[0m  [1mSELECT "schema_migrations".* FROM "schema_migrations"[0m
  [1m[36mActiveRecord::SchemaMigration Load (0.1ms)[0m  [1mSELECT "schema_migrations".* FROM "schema_migrations"[0m


Started GET "/food_categories" for ::1 at 2015-05-16 13:44:07 -0400
Processing by FoodCategoriesController#index as HTML
  [1m[36mFoodCategory Load (0.1ms)[0m  [1mSELECT "food_categories".* FROM "food_categories"[0m
  Rendered food_categories/index.html.erb within layouts/application (3.1ms)
Completed 200 OK in 56ms (Views: 55.7ms | ActiveRecord: 0.1ms)


Started GET "/food_categories" for ::1 at 2015-05-16 13:44:13 -0400
Processing by FoodCategoriesController#index as HTML
  [1m[35mFoodCategory Load (0.2ms)[0m  SELECT "food_categories".* FROM "food_categories"
  Rendered food_categories/index.html.erb within layouts/application (2.5ms)
Completed 200 OK in 37ms (Views: 36.3ms | ActiveRecord: 0.2ms)


Started GET "/assets/food_categories.self-e3b0c44298fc1c149afbf4c8996fb92427ae41e4649b934ca495991b7852b855.css?body=1" for ::1 at 2015-05-16 13:44:13 -0400


Started GET "/assets/foods.self-b60acab5af8d245ed2b3012f77d11d8d207d8eada27756badaf4ef05770d60f6.css?body=1" for ::1 at 2015-05-16 13:44:13 -0400


Started GET "/assets/jquery.self-d03a5518f45df77341bdbe6201ba3bfa547ebba8ed64f0ea56bfa5f96ea7c074.js?body=1" for ::1 at 2015-05-16 13:44:13 -0400


Started GET "/assets/application.self-e80e8f2318043e8af94dddc2adad5a4f09739a8ebb323b3ab31cd71d45fd9113.css?body=1" for ::1 at 2015-05-16 13:44:13 -0400


Started GET "/assets/scaffolds.self-c5ed04c0da6144ecf9e6131e6ff6a7fcd8a1de4a1f88770942a6d567dd84b0cf.css?body=1" for ::1 at 2015-05-16 13:44:13 -0400


Started GET "/assets/scaffold.self-83b741db49389dc7cfdf85bf7537a0219cce48e085c4116afc83d55c9af47c78.css?body=1" for ::1 at 2015-05-16 13:44:13 -0400


Started GET "/assets/jquery_ujs.self-8e98a7a072a6cee1372d19fff9ff3e6aa1e39a37d89d6f06861637d061113ee7.js?body=1" for ::1 at 2015-05-16 13:44:13 -0400


Started GET "/assets/turbolinks.self-c37727e9bd6b2735da5c311aa83fead54ed0be6cc8bd9a65309e9c5abe2cbfff.js?body=1" for ::1 at 2015-05-16 13:44:13 -0400


Started GET "/assets/food_categories.self-877aef30ae1b040ab8a3aba4e3e309a11d7f2612f44dde450b5c157aa5f95c05.js?body=1" for ::1 at 2015-05-16 13:44:13 -0400


Started GET "/assets/foods.self-19a187bec6cdb96d6de80a61c16c857c613536adf9138476bd367db38d282635.js?body=1" for ::1 at 2015-05-16 13:44:13 -0400


Started GET "/assets/application.self-3b8dabdc891efe46b9a144b400ad69e37d7e5876bdc39dee783419a69d7ca819.js?body=1" for ::1 at 2015-05-16 13:44:13 -0400


Started GET "/food_categories/1" for ::1 at 2015-05-16 13:44:36 -0400
Processing by FoodCategoriesController#show as HTML
  Parameters: {"id"=>"1"}
  [1m[36mFoodCategory Load (0.2ms)[0m  [1mSELECT  "food_categories".* FROM "food_categories" WHERE "food_categories"."id" = ? LIMIT 1[0m  [["id", 1]]
  Rendered food_categories/show.html.erb within layouts/application (1.0ms)
Completed 200 OK in 53ms (Views: 45.2ms | ActiveRecord: 0.2ms)


Started GET "/food_categories/6" for ::1 at 2015-05-16 13:44:44 -0400
Processing by FoodCategoriesController#show as HTML
  Parameters: {"id"=>"6"}
  [1m[35mFoodCategory Load (0.1ms)[0m  SELECT  "food_categories".* FROM "food_categories" WHERE "food_categories"."id" = ? LIMIT 1  [["id", 6]]
  Rendered food_categories/show.html.erb within layouts/application (0.2ms)
Completed 200 OK in 44ms (Views: 42.3ms | ActiveRecord: 0.1ms)


Started GET "/food_categories" for ::1 at 2015-05-16 13:45:06 -0400
Processing by FoodCategoriesController#index as HTML
  [1m[36mFoodCategory Load (0.1ms)[0m  [1mSELECT "food_categories".* FROM "food_categories"[0m
  Rendered food_categories/index.html.erb within layouts/application (2.5ms)
Completed 200 OK in 37ms (Views: 36.0ms | ActiveRecord: 0.1ms)


Started GET "/food" for ::1 at 2015-05-16 13:45:13 -0400

ActionController::RoutingError (No route matches [GET] "/food"):
  actionpack (4.2.1) lib/action_dispatch/middleware/debug_exceptions.rb:21:in `call'
  web-console (2.1.2) lib/web_console/middleware.rb:37:in `call'
  actionpack (4.2.1) lib/action_dispatch/middleware/show_exceptions.rb:30:in `call'
  railties (4.2.1) lib/rails/rack/logger.rb:38:in `call_app'
  railties (4.2.1) lib/rails/rack/logger.rb:20:in `block in call'
  activesupport (4.2.1) lib/active_support/tagged_logging.rb:68:in `block in tagged'
  activesupport (4.2.1) lib/active_support/tagged_logging.rb:26:in `tagged'
  activesupport (4.2.1) lib/active_support/tagged_logging.rb:68:in `tagged'
  railties (4.2.1) lib/rails/rack/logger.rb:20:in `call'
  actionpack (4.2.1) lib/action_dispatch/middleware/request_id.rb:21:in `call'
  rack (1.6.1) lib/rack/methodoverride.rb:22:in `call'
  rack (1.6.1) lib/rack/runtime.rb:18:in `call'
  activesupport (4.2.1) lib/active_support/cache/strategy/local_cache_middleware.rb:28:in `call'
  rack (1.6.1) lib/rack/lock.rb:17:in `call'
  actionpack (4.2.1) lib/action_dispatch/middleware/static.rb:113:in `call'
  rack (1.6.1) lib/rack/sendfile.rb:113:in `call'
  railties (4.2.1) lib/rails/engine.rb:518:in `call'
  railties (4.2.1) lib/rails/application.rb:164:in `call'
  rack (1.6.1) lib/rack/lock.rb:17:in `call'
  rack (1.6.1) lib/rack/content_length.rb:15:in `call'
  rack (1.6.1) lib/rack/handler/webrick.rb:89:in `service'
  /usr/local/Cellar/ruby/2.2.2/lib/ruby/2.2.0/webrick/httpserver.rb:138:in `service'
  /usr/local/Cellar/ruby/2.2.2/lib/ruby/2.2.0/webrick/httpserver.rb:94:in `run'
  /usr/local/Cellar/ruby/2.2.2/lib/ruby/2.2.0/webrick/server.rb:294:in `block in start_thread'


  Rendered /usr/local/lib/ruby/gems/2.2.0/gems/actionpack-4.2.1/lib/action_dispatch/middleware/templates/rescues/_trace.html.erb (1.3ms)
  Rendered /usr/local/lib/ruby/gems/2.2.0/gems/actionpack-4.2.1/lib/action_dispatch/middleware/templates/routes/_route.html.erb (1.1ms)
  Rendered /usr/local/lib/ruby/gems/2.2.0/gems/actionpack-4.2.1/lib/action_dispatch/middleware/templates/routes/_table.html.erb (2.6ms)
  Rendered /usr/local/lib/ruby/gems/2.2.0/gems/actionpack-4.2.1/lib/action_dispatch/middleware/templates/rescues/_request_and_response.html.erb (1.2ms)
  Rendered /usr/local/lib/ruby/gems/2.2.0/gems/actionpack-4.2.1/lib/action_dispatch/middleware/templates/rescues/routing_error.html.erb within rescues/layout (74.2ms)
  Rendered /usr/local/lib/ruby/gems/2.2.0/gems/web-console-2.1.2/lib/web_console/templates/_markup.html.erb (0.4ms)
  Rendered /usr/local/lib/ruby/gems/2.2.0/gems/web-console-2.1.2/lib/web_console/templates/style.css.erb within layouts/inlined_string (0.3ms)
  Rendered /usr/local/lib/ruby/gems/2.2.0/gems/web-console-2.1.2/lib/web_console/templates/_inner_console_markup.html.erb within layouts/inlined_string (0.3ms)
  Rendered /usr/local/lib/ruby/gems/2.2.0/gems/web-console-2.1.2/lib/web_console/templates/_prompt_box_markup.html.erb within layouts/inlined_string (0.3ms)
  Rendered /usr/local/lib/ruby/gems/2.2.0/gems/web-console-2.1.2/lib/web_console/templates/console.js.erb within layouts/javascript (43.7ms)
  Rendered /usr/local/lib/ruby/gems/2.2.0/gems/web-console-2.1.2/lib/web_console/templates/main.js.erb within layouts/javascript (0.3ms)
  Rendered /usr/local/lib/ruby/gems/2.2.0/gems/web-console-2.1.2/lib/web_console/templates/error_page.js.erb within layouts/javascript (0.4ms)
  Rendered /usr/local/lib/ruby/gems/2.2.0/gems/web-console-2.1.2/lib/web_console/templates/index.html.erb (95.2ms)


Started GET "/foods" for ::1 at 2015-05-16 13:45:18 -0400
Processing by FoodsController#index as HTML
  [1m[35mFood Load (0.1ms)[0m  SELECT "foods".* FROM "foods"
  Rendered foods/index.html.erb within layouts/application (1.4ms)
Completed 200 OK in 33ms (Views: 29.9ms | ActiveRecord: 0.2ms)


Started GET "/foods" for ::1 at 2015-05-16 13:45:23 -0400
Processing by FoodsController#index as HTML
  [1m[36mFood Load (0.1ms)[0m  [1mSELECT "foods".* FROM "foods"[0m
  Rendered foods/index.html.erb within layouts/application (0.6ms)
Completed 200 OK in 32ms (Views: 31.5ms | ActiveRecord: 0.1ms)


Started GET "/assets/food_categories.self-e3b0c44298fc1c149afbf4c8996fb92427ae41e4649b934ca495991b7852b855.css?body=1" for ::1 at 2015-05-16 13:45:23 -0400


Started GET "/assets/scaffold.self-83b741db49389dc7cfdf85bf7537a0219cce48e085c4116afc83d55c9af47c78.css?body=1" for ::1 at 2015-05-16 13:45:23 -0400


Started GET "/assets/scaffolds.self-c5ed04c0da6144ecf9e6131e6ff6a7fcd8a1de4a1f88770942a6d567dd84b0cf.css?body=1" for ::1 at 2015-05-16 13:45:23 -0400


Started GET "/assets/foods.self-b60acab5af8d245ed2b3012f77d11d8d207d8eada27756badaf4ef05770d60f6.css?body=1" for ::1 at 2015-05-16 13:45:23 -0400


Started GET "/assets/jquery.self-d03a5518f45df77341bdbe6201ba3bfa547ebba8ed64f0ea56bfa5f96ea7c074.js?body=1" for ::1 at 2015-05-16 13:45:23 -0400


Started GET "/assets/application.self-e80e8f2318043e8af94dddc2adad5a4f09739a8ebb323b3ab31cd71d45fd9113.css?body=1" for ::1 at 2015-05-16 13:45:23 -0400


Started GET "/assets/turbolinks.self-c37727e9bd6b2735da5c311aa83fead54ed0be6cc8bd9a65309e9c5abe2cbfff.js?body=1" for ::1 at 2015-05-16 13:45:23 -0400


Started GET "/assets/jquery_ujs.self-8e98a7a072a6cee1372d19fff9ff3e6aa1e39a37d89d6f06861637d061113ee7.js?body=1" for ::1 at 2015-05-16 13:45:23 -0400


Started GET "/assets/food_categories.self-877aef30ae1b040ab8a3aba4e3e309a11d7f2612f44dde450b5c157aa5f95c05.js?body=1" for ::1 at 2015-05-16 13:45:23 -0400


Started GET "/assets/foods.self-19a187bec6cdb96d6de80a61c16c857c613536adf9138476bd367db38d282635.js?body=1" for ::1 at 2015-05-16 13:45:23 -0400


Started GET "/assets/application.self-3b8dabdc891efe46b9a144b400ad69e37d7e5876bdc39dee783419a69d7ca819.js?body=1" for ::1 at 2015-05-16 13:45:23 -0400


Started GET "/foods/new" for ::1 at 2015-05-16 13:45:26 -0400
Processing by FoodsController#new as HTML
  Rendered foods/_form.html.erb (2.9ms)
  Rendered foods/new.html.erb within layouts/application (5.2ms)
Completed 200 OK in 40ms (Views: 36.7ms | ActiveRecord: 0.1ms)


Started GET "/foods" for ::1 at 2015-05-16 13:45:28 -0400
Processing by FoodsController#index as HTML
  [1m[35mFood Load (0.1ms)[0m  SELECT "foods".* FROM "foods"
  Rendered foods/index.html.erb within layouts/application (1.2ms)
Completed 200 OK in 32ms (Views: 31.2ms | ActiveRecord: 0.1ms)


Started GET "/foods" for ::1 at 2015-05-16 13:45:30 -0400
Processing by FoodsController#index as HTML
  [1m[36mFood Load (0.1ms)[0m  [1mSELECT "foods".* FROM "foods"[0m
  Rendered foods/index.html.erb within layouts/application (0.6ms)
Completed 200 OK in 39ms (Views: 38.2ms | ActiveRecord: 0.1ms)


Started GET "/assets/food_categories.self-e3b0c44298fc1c149afbf4c8996fb92427ae41e4649b934ca495991b7852b855.css?body=1" for ::1 at 2015-05-16 13:45:30 -0400


Started GET "/assets/foods.self-b60acab5af8d245ed2b3012f77d11d8d207d8eada27756badaf4ef05770d60f6.css?body=1" for ::1 at 2015-05-16 13:45:30 -0400


Started GET "/assets/scaffold.self-83b741db49389dc7cfdf85bf7537a0219cce48e085c4116afc83d55c9af47c78.css?body=1" for ::1 at 2015-05-16 13:45:30 -0400


Started GET "/assets/scaffolds.self-c5ed04c0da6144ecf9e6131e6ff6a7fcd8a1de4a1f88770942a6d567dd84b0cf.css?body=1" for ::1 at 2015-05-16 13:45:30 -0400


Started GET "/assets/jquery.self-d03a5518f45df77341bdbe6201ba3bfa547ebba8ed64f0ea56bfa5f96ea7c074.js?body=1" for ::1 at 2015-05-16 13:45:30 -0400


Started GET "/assets/jquery_ujs.self-8e98a7a072a6cee1372d19fff9ff3e6aa1e39a37d89d6f06861637d061113ee7.js?body=1" for ::1 at 2015-05-16 13:45:30 -0400


Started GET "/assets/application.self-e80e8f2318043e8af94dddc2adad5a4f09739a8ebb323b3ab31cd71d45fd9113.css?body=1" for ::1 at 2015-05-16 13:45:30 -0400


Started GET "/assets/turbolinks.self-c37727e9bd6b2735da5c311aa83fead54ed0be6cc8bd9a65309e9c5abe2cbfff.js?body=1" for ::1 at 2015-05-16 13:45:30 -0400


Started GET "/assets/food_categories.self-877aef30ae1b040ab8a3aba4e3e309a11d7f2612f44dde450b5c157aa5f95c05.js?body=1" for ::1 at 2015-05-16 13:45:30 -0400


Started GET "/assets/foods.self-19a187bec6cdb96d6de80a61c16c857c613536adf9138476bd367db38d282635.js?body=1" for ::1 at 2015-05-16 13:45:30 -0400


Started GET "/assets/application.self-3b8dabdc891efe46b9a144b400ad69e37d7e5876bdc39dee783419a69d7ca819.js?body=1" for ::1 at 2015-05-16 13:45:30 -0400


Started GET "/foods" for ::1 at 2015-05-16 13:52:46 -0400

ActionController::RoutingError (No route matches [GET] "/foods"):
  actionpack (4.2.1) lib/action_dispatch/middleware/debug_exceptions.rb:21:in `call'
  web-console (2.1.2) lib/web_console/middleware.rb:37:in `call'
  actionpack (4.2.1) lib/action_dispatch/middleware/show_exceptions.rb:30:in `call'
  railties (4.2.1) lib/rails/rack/logger.rb:38:in `call_app'
  railties (4.2.1) lib/rails/rack/logger.rb:20:in `block in call'
  activesupport (4.2.1) lib/active_support/tagged_logging.rb:68:in `block in tagged'
  activesupport (4.2.1) lib/active_support/tagged_logging.rb:26:in `tagged'
  activesupport (4.2.1) lib/active_support/tagged_logging.rb:68:in `tagged'
  railties (4.2.1) lib/rails/rack/logger.rb:20:in `call'
  actionpack (4.2.1) lib/action_dispatch/middleware/request_id.rb:21:in `call'
  rack (1.6.1) lib/rack/methodoverride.rb:22:in `call'
  rack (1.6.1) lib/rack/runtime.rb:18:in `call'
  activesupport (4.2.1) lib/active_support/cache/strategy/local_cache_middleware.rb:28:in `call'
  rack (1.6.1) lib/rack/lock.rb:17:in `call'
  actionpack (4.2.1) lib/action_dispatch/middleware/static.rb:113:in `call'
  rack (1.6.1) lib/rack/sendfile.rb:113:in `call'
  railties (4.2.1) lib/rails/engine.rb:518:in `call'
  railties (4.2.1) lib/rails/application.rb:164:in `call'
  rack (1.6.1) lib/rack/lock.rb:17:in `call'
  rack (1.6.1) lib/rack/content_length.rb:15:in `call'
  rack (1.6.1) lib/rack/handler/webrick.rb:89:in `service'
  /usr/local/Cellar/ruby/2.2.2/lib/ruby/2.2.0/webrick/httpserver.rb:138:in `service'
  /usr/local/Cellar/ruby/2.2.2/lib/ruby/2.2.0/webrick/httpserver.rb:94:in `run'
  /usr/local/Cellar/ruby/2.2.2/lib/ruby/2.2.0/webrick/server.rb:294:in `block in start_thread'


  Rendered /usr/local/lib/ruby/gems/2.2.0/gems/actionpack-4.2.1/lib/action_dispatch/middleware/templates/rescues/_trace.html.erb (1.2ms)
  Rendered /usr/local/lib/ruby/gems/2.2.0/gems/actionpack-4.2.1/lib/action_dispatch/middleware/templates/routes/_route.html.erb (1.1ms)
  Rendered /usr/local/lib/ruby/gems/2.2.0/gems/actionpack-4.2.1/lib/action_dispatch/middleware/templates/routes/_table.html.erb (1.3ms)
  Rendered /usr/local/lib/ruby/gems/2.2.0/gems/actionpack-4.2.1/lib/action_dispatch/middleware/templates/rescues/_request_and_response.html.erb (1.1ms)
  Rendered /usr/local/lib/ruby/gems/2.2.0/gems/actionpack-4.2.1/lib/action_dispatch/middleware/templates/rescues/routing_error.html.erb within rescues/layout (58.6ms)
  Rendered /usr/local/lib/ruby/gems/2.2.0/gems/web-console-2.1.2/lib/web_console/templates/_markup.html.erb (0.3ms)
  Rendered /usr/local/lib/ruby/gems/2.2.0/gems/web-console-2.1.2/lib/web_console/templates/style.css.erb within layouts/inlined_string (0.2ms)
  Rendered /usr/local/lib/ruby/gems/2.2.0/gems/web-console-2.1.2/lib/web_console/templates/_inner_console_markup.html.erb within layouts/inlined_string (0.2ms)
  Rendered /usr/local/lib/ruby/gems/2.2.0/gems/web-console-2.1.2/lib/web_console/templates/_prompt_box_markup.html.erb within layouts/inlined_string (0.2ms)
  Rendered /usr/local/lib/ruby/gems/2.2.0/gems/web-console-2.1.2/lib/web_console/templates/console.js.erb within layouts/javascript (34.4ms)
  Rendered /usr/local/lib/ruby/gems/2.2.0/gems/web-console-2.1.2/lib/web_console/templates/main.js.erb within layouts/javascript (0.3ms)
  Rendered /usr/local/lib/ruby/gems/2.2.0/gems/web-console-2.1.2/lib/web_console/templates/error_page.js.erb within layouts/javascript (0.4ms)
  Rendered /usr/local/lib/ruby/gems/2.2.0/gems/web-console-2.1.2/lib/web_console/templates/index.html.erb (80.5ms)


Started GET "/food_categories" for ::1 at 2015-05-16 13:52:56 -0400
Processing by FoodCategoriesController#index as HTML
  [1m[35mFoodCategory Load (0.3ms)[0m  SELECT "food_categories".* FROM "food_categories"
  Rendered food_categories/index.html.erb within layouts/application (5.4ms)
Completed 200 OK in 41ms (Views: 38.3ms | ActiveRecord: 0.5ms)


Started GET "/food_categories/foods" for ::1 at 2015-05-16 13:53:03 -0400
Processing by FoodCategoriesController#show as HTML
  Parameters: {"id"=>"foods"}
  [1m[36mFoodCategory Load (0.1ms)[0m  [1mSELECT  "food_categories".* FROM "food_categories" WHERE "food_categories"."id" = ? LIMIT 1[0m  [["id", 0]]
Completed 404 Not Found in 1ms (ActiveRecord: 0.1ms)

ActiveRecord::RecordNotFound (Couldn't find FoodCategory with 'id'=foods):
  app/controllers/food_categories_controller.rb:67:in `set_food_category'


  Rendered /usr/local/lib/ruby/gems/2.2.0/gems/actionpack-4.2.1/lib/action_dispatch/middleware/templates/rescues/_source.erb (11.1ms)
  Rendered /usr/local/lib/ruby/gems/2.2.0/gems/actionpack-4.2.1/lib/action_dispatch/middleware/templates/rescues/_trace.html.erb (1.5ms)
  Rendered /usr/local/lib/ruby/gems/2.2.0/gems/actionpack-4.2.1/lib/action_dispatch/middleware/templates/rescues/_request_and_response.html.erb (0.7ms)
  Rendered /usr/local/lib/ruby/gems/2.2.0/gems/actionpack-4.2.1/lib/action_dispatch/middleware/templates/rescues/diagnostics.html.erb within rescues/layout (52.0ms)
  Rendered /usr/local/lib/ruby/gems/2.2.0/gems/web-console-2.1.2/lib/web_console/templates/_markup.html.erb (0.2ms)
  Rendered /usr/local/lib/ruby/gems/2.2.0/gems/web-console-2.1.2/lib/web_console/templates/style.css.erb within layouts/inlined_string (0.2ms)
  Rendered /usr/local/lib/ruby/gems/2.2.0/gems/web-console-2.1.2/lib/web_console/templates/_inner_console_markup.html.erb within layouts/inlined_string (0.2ms)
  Rendered /usr/local/lib/ruby/gems/2.2.0/gems/web-console-2.1.2/lib/web_console/templates/_prompt_box_markup.html.erb within layouts/inlined_string (0.2ms)
  Rendered /usr/local/lib/ruby/gems/2.2.0/gems/web-console-2.1.2/lib/web_console/templates/console.js.erb within layouts/javascript (36.1ms)
  Rendered /usr/local/lib/ruby/gems/2.2.0/gems/web-console-2.1.2/lib/web_console/templates/main.js.erb within layouts/javascript (0.3ms)
  Rendered /usr/local/lib/ruby/gems/2.2.0/gems/web-console-2.1.2/lib/web_console/templates/error_page.js.erb within layouts/javascript (0.3ms)
  Rendered /usr/local/lib/ruby/gems/2.2.0/gems/web-console-2.1.2/lib/web_console/templates/index.html.erb (77.0ms)


Started GET "/food_categories/1" for ::1 at 2015-05-16 13:53:21 -0400
Processing by FoodCategoriesController#show as HTML
  Parameters: {"id"=>"1"}
  [1m[35mFoodCategory Load (0.1ms)[0m  SELECT  "food_categories".* FROM "food_categories" WHERE "food_categories"."id" = ? LIMIT 1  [["id", 1]]
  Rendered food_categories/show.html.erb within layouts/application (0.3ms)
Completed 200 OK in 32ms (Views: 31.4ms | ActiveRecord: 0.1ms)


Started GET "/food_categories" for ::1 at 2015-05-16 13:53:24 -0400
Processing by FoodCategoriesController#index as HTML
  [1m[36mFoodCategory Load (0.1ms)[0m  [1mSELECT "food_categories".* FROM "food_categories"[0m
  Rendered food_categories/index.html.erb within layouts/application (2.6ms)
Completed 200 OK in 30ms (Views: 29.5ms | ActiveRecord: 0.1ms)


Started GET "/food_categories/banana" for ::1 at 2015-05-16 13:53:30 -0400
Processing by FoodCategoriesController#show as HTML
  Parameters: {"id"=>"banana"}
  [1m[35mFoodCategory Load (0.1ms)[0m  SELECT  "food_categories".* FROM "food_categories" WHERE "food_categories"."id" = ? LIMIT 1  [["id", 0]]
Completed 404 Not Found in 1ms (ActiveRecord: 0.1ms)

ActiveRecord::RecordNotFound (Couldn't find FoodCategory with 'id'=banana):
  app/controllers/food_categories_controller.rb:67:in `set_food_category'


  Rendered /usr/local/lib/ruby/gems/2.2.0/gems/actionpack-4.2.1/lib/action_dispatch/middleware/templates/rescues/_source.erb (3.6ms)
  Rendered /usr/local/lib/ruby/gems/2.2.0/gems/actionpack-4.2.1/lib/action_dispatch/middleware/templates/rescues/_trace.html.erb (1.7ms)
  Rendered /usr/local/lib/ruby/gems/2.2.0/gems/actionpack-4.2.1/lib/action_dispatch/middleware/templates/rescues/_request_and_response.html.erb (1.2ms)
  Rendered /usr/local/lib/ruby/gems/2.2.0/gems/actionpack-4.2.1/lib/action_dispatch/middleware/templates/rescues/diagnostics.html.erb within rescues/layout (43.3ms)
  Rendered /usr/local/lib/ruby/gems/2.2.0/gems/web-console-2.1.2/lib/web_console/templates/_markup.html.erb (0.3ms)
  Rendered /usr/local/lib/ruby/gems/2.2.0/gems/web-console-2.1.2/lib/web_console/templates/style.css.erb within layouts/inlined_string (0.2ms)
  Rendered /usr/local/lib/ruby/gems/2.2.0/gems/web-console-2.1.2/lib/web_console/templates/_inner_console_markup.html.erb within layouts/inlined_string (0.2ms)
  Rendered /usr/local/lib/ruby/gems/2.2.0/gems/web-console-2.1.2/lib/web_console/templates/_prompt_box_markup.html.erb within layouts/inlined_string (0.2ms)
  Rendered /usr/local/lib/ruby/gems/2.2.0/gems/web-console-2.1.2/lib/web_console/templates/console.js.erb within layouts/javascript (34.8ms)
  Rendered /usr/local/lib/ruby/gems/2.2.0/gems/web-console-2.1.2/lib/web_console/templates/main.js.erb within layouts/javascript (0.2ms)
  Rendered /usr/local/lib/ruby/gems/2.2.0/gems/web-console-2.1.2/lib/web_console/templates/error_page.js.erb within layouts/javascript (0.5ms)
  Rendered /usr/local/lib/ruby/gems/2.2.0/gems/web-console-2.1.2/lib/web_console/templates/index.html.erb (76.7ms)


Started GET "/foods" for ::1 at 2015-05-16 13:57:48 -0400

ActionController::RoutingError (No route matches [GET] "/foods"):
  actionpack (4.2.1) lib/action_dispatch/middleware/debug_exceptions.rb:21:in `call'
  web-console (2.1.2) lib/web_console/middleware.rb:37:in `call'
  actionpack (4.2.1) lib/action_dispatch/middleware/show_exceptions.rb:30:in `call'
  railties (4.2.1) lib/rails/rack/logger.rb:38:in `call_app'
  railties (4.2.1) lib/rails/rack/logger.rb:20:in `block in call'
  activesupport (4.2.1) lib/active_support/tagged_logging.rb:68:in `block in tagged'
  activesupport (4.2.1) lib/active_support/tagged_logging.rb:26:in `tagged'
  activesupport (4.2.1) lib/active_support/tagged_logging.rb:68:in `tagged'
  railties (4.2.1) lib/rails/rack/logger.rb:20:in `call'
  actionpack (4.2.1) lib/action_dispatch/middleware/request_id.rb:21:in `call'
  rack (1.6.1) lib/rack/methodoverride.rb:22:in `call'
  rack (1.6.1) lib/rack/runtime.rb:18:in `call'
  activesupport (4.2.1) lib/active_support/cache/strategy/local_cache_middleware.rb:28:in `call'
  rack (1.6.1) lib/rack/lock.rb:17:in `call'
  actionpack (4.2.1) lib/action_dispatch/middleware/static.rb:113:in `call'
  rack (1.6.1) lib/rack/sendfile.rb:113:in `call'
  railties (4.2.1) lib/rails/engine.rb:518:in `call'
  railties (4.2.1) lib/rails/application.rb:164:in `call'
  rack (1.6.1) lib/rack/lock.rb:17:in `call'
  rack (1.6.1) lib/rack/content_length.rb:15:in `call'
  rack (1.6.1) lib/rack/handler/webrick.rb:89:in `service'
  /usr/local/Cellar/ruby/2.2.2/lib/ruby/2.2.0/webrick/httpserver.rb:138:in `service'
  /usr/local/Cellar/ruby/2.2.2/lib/ruby/2.2.0/webrick/httpserver.rb:94:in `run'
  /usr/local/Cellar/ruby/2.2.2/lib/ruby/2.2.0/webrick/server.rb:294:in `block in start_thread'


  Rendered /usr/local/lib/ruby/gems/2.2.0/gems/actionpack-4.2.1/lib/action_dispatch/middleware/templates/rescues/_trace.html.erb (1.4ms)
  Rendered /usr/local/lib/ruby/gems/2.2.0/gems/actionpack-4.2.1/lib/action_dispatch/middleware/templates/routes/_route.html.erb (1.5ms)
  Rendered /usr/local/lib/ruby/gems/2.2.0/gems/actionpack-4.2.1/lib/action_dispatch/middleware/templates/routes/_table.html.erb (1.1ms)
  Rendered /usr/local/lib/ruby/gems/2.2.0/gems/actionpack-4.2.1/lib/action_dispatch/middleware/templates/rescues/_request_and_response.html.erb (1.0ms)
  Rendered /usr/local/lib/ruby/gems/2.2.0/gems/actionpack-4.2.1/lib/action_dispatch/middleware/templates/rescues/routing_error.html.erb within rescues/layout (65.2ms)
  Rendered /usr/local/lib/ruby/gems/2.2.0/gems/web-console-2.1.2/lib/web_console/templates/_markup.html.erb (0.3ms)
  Rendered /usr/local/lib/ruby/gems/2.2.0/gems/web-console-2.1.2/lib/web_console/templates/style.css.erb within layouts/inlined_string (0.2ms)
  Rendered /usr/local/lib/ruby/gems/2.2.0/gems/web-console-2.1.2/lib/web_console/templates/_inner_console_markup.html.erb within layouts/inlined_string (0.2ms)
  Rendered /usr/local/lib/ruby/gems/2.2.0/gems/web-console-2.1.2/lib/web_console/templates/_prompt_box_markup.html.erb within layouts/inlined_string (0.3ms)
  Rendered /usr/local/lib/ruby/gems/2.2.0/gems/web-console-2.1.2/lib/web_console/templates/console.js.erb within layouts/javascript (35.8ms)
  Rendered /usr/local/lib/ruby/gems/2.2.0/gems/web-console-2.1.2/lib/web_console/templates/main.js.erb within layouts/javascript (0.3ms)
  Rendered /usr/local/lib/ruby/gems/2.2.0/gems/web-console-2.1.2/lib/web_console/templates/error_page.js.erb within layouts/javascript (0.3ms)
  Rendered /usr/local/lib/ruby/gems/2.2.0/gems/web-console-2.1.2/lib/web_console/templates/index.html.erb (80.7ms)


Started GET "/food_categories/" for ::1 at 2015-05-16 14:08:13 -0400
Processing by FoodCategoriesController#index as HTML
  [1m[36mFoodCategory Load (0.4ms)[0m  [1mSELECT "food_categories".* FROM "food_categories"[0m
  Rendered food_categories/index.html.erb within layouts/application (6.8ms)
Completed 200 OK in 38ms (Views: 33.9ms | ActiveRecord: 0.8ms)


Started GET "/food_categories/1" for ::1 at 2015-05-16 14:08:16 -0400
Processing by FoodCategoriesController#show as HTML
  Parameters: {"id"=>"1"}
  [1m[35mFoodCategory Load (0.3ms)[0m  SELECT  "food_categories".* FROM "food_categories" WHERE "food_categories"."id" = ? LIMIT 1  [["id", 1]]
  Rendered food_categories/show.html.erb within layouts/application (0.3ms)
Completed 200 OK in 32ms (Views: 29.7ms | ActiveRecord: 0.3ms)


Started GET "/food_categories/1/edit" for ::1 at 2015-05-16 14:08:20 -0400
Processing by FoodCategoriesController#edit as HTML
  Parameters: {"id"=>"1"}
  [1m[36mFoodCategory Load (0.1ms)[0m  [1mSELECT  "food_categories".* FROM "food_categories" WHERE "food_categories"."id" = ? LIMIT 1[0m  [["id", 1]]
  Rendered food_categories/_form.html.erb (1.5ms)
  Rendered food_categories/edit.html.erb within layouts/application (4.1ms)
Completed 200 OK in 32ms (Views: 31.3ms | ActiveRecord: 0.1ms)


Started GET "/food_categories/2" for ::1 at 2015-05-16 14:08:26 -0400
Processing by FoodCategoriesController#show as HTML
  Parameters: {"id"=>"2"}
  [1m[35mFoodCategory Load (0.1ms)[0m  SELECT  "food_categories".* FROM "food_categories" WHERE "food_categories"."id" = ? LIMIT 1  [["id", 2]]
  Rendered food_categories/show.html.erb within layouts/application (0.3ms)
Completed 200 OK in 30ms (Views: 29.1ms | ActiveRecord: 0.1ms)


Started GET "/food_categories/6" for ::1 at 2015-05-16 14:08:32 -0400
Processing by FoodCategoriesController#show as HTML
  Parameters: {"id"=>"6"}
  [1m[36mFoodCategory Load (0.1ms)[0m  [1mSELECT  "food_categories".* FROM "food_categories" WHERE "food_categories"."id" = ? LIMIT 1[0m  [["id", 6]]
  Rendered food_categories/show.html.erb within layouts/application (0.3ms)
Completed 200 OK in 33ms (Views: 31.8ms | ActiveRecord: 0.1ms)


Started GET "/food_categories/" for ::1 at 2015-05-16 14:58:16 -0400

SyntaxError (/Users/ianmackinnon/Documents/Wyncode/Projects/foodnag/config/routes.rb:3: syntax error, unexpected tIDENTIFIER, expecting keyword_end
  resources :food_categories has_many => :foods
                                     ^
/Users/ianmackinnon/Documents/Wyncode/Projects/foodnag/config/routes.rb:66: syntax error, unexpected keyword_end, expecting end-of-input):
  config/routes.rb:3: syntax error, unexpected tIDENTIFIER, expecting keyword_end
  config/routes.rb:66: syntax error, unexpected keyword_end, expecting end-of-input


  Rendered /usr/local/lib/ruby/gems/2.2.0/gems/actionpack-4.2.1/lib/action_dispatch/middleware/templates/rescues/_source.erb (3.0ms)
  Rendered /usr/local/lib/ruby/gems/2.2.0/gems/actionpack-4.2.1/lib/action_dispatch/middleware/templates/rescues/_trace.html.erb (1.9ms)
  Rendered /usr/local/lib/ruby/gems/2.2.0/gems/actionpack-4.2.1/lib/action_dispatch/middleware/templates/rescues/_request_and_response.html.erb (1.3ms)
  Rendered /usr/local/lib/ruby/gems/2.2.0/gems/actionpack-4.2.1/lib/action_dispatch/middleware/templates/rescues/diagnostics.html.erb within rescues/layout (52.2ms)
  Rendered /usr/local/lib/ruby/gems/2.2.0/gems/web-console-2.1.2/lib/web_console/templates/_markup.html.erb (0.4ms)
  Rendered /usr/local/lib/ruby/gems/2.2.0/gems/web-console-2.1.2/lib/web_console/templates/style.css.erb within layouts/inlined_string (0.3ms)
  Rendered /usr/local/lib/ruby/gems/2.2.0/gems/web-console-2.1.2/lib/web_console/templates/_inner_console_markup.html.erb within layouts/inlined_string (0.4ms)
  Rendered /usr/local/lib/ruby/gems/2.2.0/gems/web-console-2.1.2/lib/web_console/templates/_prompt_box_markup.html.erb within layouts/inlined_string (0.3ms)
  Rendered /usr/local/lib/ruby/gems/2.2.0/gems/web-console-2.1.2/lib/web_console/templates/console.js.erb within layouts/javascript (45.1ms)
  Rendered /usr/local/lib/ruby/gems/2.2.0/gems/web-console-2.1.2/lib/web_console/templates/main.js.erb within layouts/javascript (0.3ms)
  Rendered /usr/local/lib/ruby/gems/2.2.0/gems/web-console-2.1.2/lib/web_console/templates/error_page.js.erb within layouts/javascript (0.4ms)
  Rendered /usr/local/lib/ruby/gems/2.2.0/gems/web-console-2.1.2/lib/web_console/templates/index.html.erb (98.2ms)


Started GET "/food_categories/" for ::1 at 2015-05-16 14:58:42 -0400

SyntaxError (/Users/ianmackinnon/Documents/Wyncode/Projects/foodnag/config/routes.rb:3: syntax error, unexpected tIDENTIFIER, expecting keyword_end
  resources :food_categories has_many => :foods
                                     ^):
  config/routes.rb:3: syntax error, unexpected tIDENTIFIER, expecting keyword_end


  Rendered /usr/local/lib/ruby/gems/2.2.0/gems/actionpack-4.2.1/lib/action_dispatch/middleware/templates/rescues/_source.erb (2.6ms)
  Rendered /usr/local/lib/ruby/gems/2.2.0/gems/actionpack-4.2.1/lib/action_dispatch/middleware/templates/rescues/_trace.html.erb (2.6ms)
  Rendered /usr/local/lib/ruby/gems/2.2.0/gems/actionpack-4.2.1/lib/action_dispatch/middleware/templates/rescues/_request_and_response.html.erb (0.7ms)
  Rendered /usr/local/lib/ruby/gems/2.2.0/gems/actionpack-4.2.1/lib/action_dispatch/middleware/templates/rescues/diagnostics.html.erb within rescues/layout (44.0ms)
  Rendered /usr/local/lib/ruby/gems/2.2.0/gems/web-console-2.1.2/lib/web_console/templates/_markup.html.erb (0.3ms)
  Rendered /usr/local/lib/ruby/gems/2.2.0/gems/web-console-2.1.2/lib/web_console/templates/style.css.erb within layouts/inlined_string (0.2ms)
  Rendered /usr/local/lib/ruby/gems/2.2.0/gems/web-console-2.1.2/lib/web_console/templates/_inner_console_markup.html.erb within layouts/inlined_string (0.2ms)
  Rendered /usr/local/lib/ruby/gems/2.2.0/gems/web-console-2.1.2/lib/web_console/templates/_prompt_box_markup.html.erb within layouts/inlined_string (0.2ms)
  Rendered /usr/local/lib/ruby/gems/2.2.0/gems/web-console-2.1.2/lib/web_console/templates/console.js.erb within layouts/javascript (38.0ms)
  Rendered /usr/local/lib/ruby/gems/2.2.0/gems/web-console-2.1.2/lib/web_console/templates/main.js.erb within layouts/javascript (0.2ms)
  Rendered /usr/local/lib/ruby/gems/2.2.0/gems/web-console-2.1.2/lib/web_console/templates/error_page.js.erb within layouts/javascript (0.3ms)
  Rendered /usr/local/lib/ruby/gems/2.2.0/gems/web-console-2.1.2/lib/web_console/templates/index.html.erb (82.3ms)


Started GET "/food_categories/" for ::1 at 2015-05-16 14:58:55 -0400
Processing by FoodCategoriesController#index as HTML
  [1m[35mFoodCategory Load (0.3ms)[0m  SELECT "food_categories".* FROM "food_categories"
  Rendered food_categories/index.html.erb within layouts/application (5.6ms)
Completed 200 OK in 49ms (Views: 45.3ms | ActiveRecord: 0.5ms)


Started GET "/assets/food_categories.self-e3b0c44298fc1c149afbf4c8996fb92427ae41e4649b934ca495991b7852b855.css?body=1" for ::1 at 2015-05-16 14:58:55 -0400


Started GET "/assets/scaffold.self-83b741db49389dc7cfdf85bf7537a0219cce48e085c4116afc83d55c9af47c78.css?body=1" for ::1 at 2015-05-16 14:58:55 -0400


Started GET "/assets/foods.self-b60acab5af8d245ed2b3012f77d11d8d207d8eada27756badaf4ef05770d60f6.css?body=1" for ::1 at 2015-05-16 14:58:55 -0400


Started GET "/assets/jquery.self-d03a5518f45df77341bdbe6201ba3bfa547ebba8ed64f0ea56bfa5f96ea7c074.js?body=1" for ::1 at 2015-05-16 14:58:55 -0400


Started GET "/assets/application.self-e80e8f2318043e8af94dddc2adad5a4f09739a8ebb323b3ab31cd71d45fd9113.css?body=1" for ::1 at 2015-05-16 14:58:55 -0400


Started GET "/assets/scaffolds.self-c5ed04c0da6144ecf9e6131e6ff6a7fcd8a1de4a1f88770942a6d567dd84b0cf.css?body=1" for ::1 at 2015-05-16 14:58:55 -0400


Started GET "/assets/jquery_ujs.self-8e98a7a072a6cee1372d19fff9ff3e6aa1e39a37d89d6f06861637d061113ee7.js?body=1" for ::1 at 2015-05-16 14:58:55 -0400


Started GET "/assets/turbolinks.self-c37727e9bd6b2735da5c311aa83fead54ed0be6cc8bd9a65309e9c5abe2cbfff.js?body=1" for ::1 at 2015-05-16 14:58:55 -0400


Started GET "/assets/food_categories.self-877aef30ae1b040ab8a3aba4e3e309a11d7f2612f44dde450b5c157aa5f95c05.js?body=1" for ::1 at 2015-05-16 14:58:55 -0400


Started GET "/assets/foods.self-19a187bec6cdb96d6de80a61c16c857c613536adf9138476bd367db38d282635.js?body=1" for ::1 at 2015-05-16 14:58:55 -0400


Started GET "/assets/application.self-3b8dabdc891efe46b9a144b400ad69e37d7e5876bdc39dee783419a69d7ca819.js?body=1" for ::1 at 2015-05-16 14:58:55 -0400


Started GET "/foods" for ::1 at 2015-05-16 14:59:04 -0400
Processing by FoodsController#index as HTML
  [1m[36mFood Load (0.2ms)[0m  [1mSELECT "foods".* FROM "foods"[0m
  Rendered foods/index.html.erb within layouts/application (3.7ms)
Completed 200 OK in 43ms (Views: 39.6ms | ActiveRecord: 0.3ms)


Started GET "/foods/new" for ::1 at 2015-05-16 14:59:06 -0400
Processing by FoodsController#new as HTML
  Rendered foods/_form.html.erb (1.2ms)
  Rendered foods/new.html.erb within layouts/application (3.0ms)
Completed 500 Internal Server Error in 11ms (ActiveRecord: 0.1ms)

SyntaxError (/Users/ianmackinnon/Documents/Wyncode/Projects/foodnag/app/views/foods/_form.html.erb:20: syntax error, unexpected ')', expecting ']'
...ory.find_by_name('Vegetable')])) );@output_buffer.safe_appen...
...                               ^
/Users/ianmackinnon/Documents/Wyncode/Projects/foodnag/app/views/foods/_form.html.erb:33: syntax error, unexpected keyword_end, expecting ')'
'.freeze; end 
             ^
/Users/ianmackinnon/Documents/Wyncode/Projects/foodnag/app/views/foods/_form.html.erb:35: syntax error, unexpected keyword_ensure, expecting ')'
/Users/ianmackinnon/Documents/Wyncode/Projects/foodnag/app/views/foods/_form.html.erb:37: syntax error, unexpected keyword_end, expecting ')'):
  app/views/foods/_form.html.erb:20: syntax error, unexpected ')', expecting ']'
  app/views/foods/_form.html.erb:33: syntax error, unexpected keyword_end, expecting ')'
  app/views/foods/_form.html.erb:35: syntax error, unexpected keyword_ensure, expecting ')'
  app/views/foods/_form.html.erb:37: syntax error, unexpected keyword_end, expecting ')'
  app/views/foods/new.html.erb:3:in `_app_views_foods_new_html_erb___404642028974881454_70226843363500'


  Rendered /usr/local/lib/ruby/gems/2.2.0/gems/actionpack-4.2.1/lib/action_dispatch/middleware/templates/rescues/_source.erb (8.2ms)
  Rendered /usr/local/lib/ruby/gems/2.2.0/gems/actionpack-4.2.1/lib/action_dispatch/middleware/templates/rescues/_trace.html.erb (2.5ms)
  Rendered /usr/local/lib/ruby/gems/2.2.0/gems/actionpack-4.2.1/lib/action_dispatch/middleware/templates/rescues/_request_and_response.html.erb (0.7ms)
  Rendered /usr/local/lib/ruby/gems/2.2.0/gems/actionpack-4.2.1/lib/action_dispatch/middleware/templates/rescues/diagnostics.html.erb within rescues/layout (49.6ms)
  Rendered /usr/local/lib/ruby/gems/2.2.0/gems/web-console-2.1.2/lib/web_console/templates/_markup.html.erb (0.3ms)
  Rendered /usr/local/lib/ruby/gems/2.2.0/gems/web-console-2.1.2/lib/web_console/templates/style.css.erb within layouts/inlined_string (0.3ms)
  Rendered /usr/local/lib/ruby/gems/2.2.0/gems/web-console-2.1.2/lib/web_console/templates/_inner_console_markup.html.erb within layouts/inlined_string (0.2ms)
  Rendered /usr/local/lib/ruby/gems/2.2.0/gems/web-console-2.1.2/lib/web_console/templates/_prompt_box_markup.html.erb within layouts/inlined_string (0.3ms)
  Rendered /usr/local/lib/ruby/gems/2.2.0/gems/web-console-2.1.2/lib/web_console/templates/console.js.erb within layouts/javascript (34.4ms)
  Rendered /usr/local/lib/ruby/gems/2.2.0/gems/web-console-2.1.2/lib/web_console/templates/main.js.erb within layouts/javascript (0.3ms)
  Rendered /usr/local/lib/ruby/gems/2.2.0/gems/web-console-2.1.2/lib/web_console/templates/error_page.js.erb within layouts/javascript (0.3ms)
  Rendered /usr/local/lib/ruby/gems/2.2.0/gems/web-console-2.1.2/lib/web_console/templates/index.html.erb (77.8ms)


Started GET "/foods/new" for ::1 at 2015-05-16 14:59:07 -0400
Processing by FoodsController#new as HTML
  Rendered foods/_form.html.erb (1.1ms)
  Rendered foods/new.html.erb within layouts/application (2.4ms)
Completed 500 Internal Server Error in 6ms (ActiveRecord: 0.0ms)

SyntaxError (/Users/ianmackinnon/Documents/Wyncode/Projects/foodnag/app/views/foods/_form.html.erb:20: syntax error, unexpected ')', expecting ']'
...ory.find_by_name('Vegetable')])) );@output_buffer.safe_appen...
...                               ^
/Users/ianmackinnon/Documents/Wyncode/Projects/foodnag/app/views/foods/_form.html.erb:33: syntax error, unexpected keyword_end, expecting ')'
'.freeze; end 
             ^
/Users/ianmackinnon/Documents/Wyncode/Projects/foodnag/app/views/foods/_form.html.erb:35: syntax error, unexpected keyword_ensure, expecting ')'
/Users/ianmackinnon/Documents/Wyncode/Projects/foodnag/app/views/foods/_form.html.erb:37: syntax error, unexpected keyword_end, expecting ')'):
  app/views/foods/_form.html.erb:20: syntax error, unexpected ')', expecting ']'
  app/views/foods/_form.html.erb:33: syntax error, unexpected keyword_end, expecting ')'
  app/views/foods/_form.html.erb:35: syntax error, unexpected keyword_ensure, expecting ')'
  app/views/foods/_form.html.erb:37: syntax error, unexpected keyword_end, expecting ')'
  app/views/foods/new.html.erb:3:in `_app_views_foods_new_html_erb___404642028974881454_70226890473780'


  Rendered /usr/local/lib/ruby/gems/2.2.0/gems/actionpack-4.2.1/lib/action_dispatch/middleware/templates/rescues/_source.erb (5.9ms)
  Rendered /usr/local/lib/ruby/gems/2.2.0/gems/actionpack-4.2.1/lib/action_dispatch/middleware/templates/rescues/_trace.html.erb (2.3ms)
  Rendered /usr/local/lib/ruby/gems/2.2.0/gems/actionpack-4.2.1/lib/action_dispatch/middleware/templates/rescues/_request_and_response.html.erb (0.7ms)
  Rendered /usr/local/lib/ruby/gems/2.2.0/gems/actionpack-4.2.1/lib/action_dispatch/middleware/templates/rescues/diagnostics.html.erb within rescues/layout (44.8ms)
  Rendered /usr/local/lib/ruby/gems/2.2.0/gems/web-console-2.1.2/lib/web_console/templates/_markup.html.erb (0.3ms)
  Rendered /usr/local/lib/ruby/gems/2.2.0/gems/web-console-2.1.2/lib/web_console/templates/style.css.erb within layouts/inlined_string (0.2ms)
  Rendered /usr/local/lib/ruby/gems/2.2.0/gems/web-console-2.1.2/lib/web_console/templates/_inner_console_markup.html.erb within layouts/inlined_string (0.2ms)
  Rendered /usr/local/lib/ruby/gems/2.2.0/gems/web-console-2.1.2/lib/web_console/templates/_prompt_box_markup.html.erb within layouts/inlined_string (0.3ms)
  Rendered /usr/local/lib/ruby/gems/2.2.0/gems/web-console-2.1.2/lib/web_console/templates/console.js.erb within layouts/javascript (34.5ms)
  Rendered /usr/local/lib/ruby/gems/2.2.0/gems/web-console-2.1.2/lib/web_console/templates/main.js.erb within layouts/javascript (0.4ms)
  Rendered /usr/local/lib/ruby/gems/2.2.0/gems/web-console-2.1.2/lib/web_console/templates/error_page.js.erb within layouts/javascript (0.4ms)
  Rendered /usr/local/lib/ruby/gems/2.2.0/gems/web-console-2.1.2/lib/web_console/templates/index.html.erb (81.8ms)


Started GET "/foods/new" for ::1 at 2015-05-16 14:59:45 -0400
Processing by FoodsController#new as HTML
  Rendered foods/_form.html.erb (4.8ms)
  Rendered foods/new.html.erb within layouts/application (5.8ms)
Completed 500 Internal Server Error in 9ms (ActiveRecord: 0.0ms)

ActionView::Template::Error (undefined method `find_by_name' for nil:NilClass):
    17:   </div>
    18:   <div class="field">
    19:     <%= f.label :food_category_params %><br>
    20:     <%= f.select_tag(:food_category_params, options_for_select([["Fruit", @get_foodcategory.find_by_name('Fruit')], ["Vegetable", @get_foodcategory.find_by_name('Vegetable')]])) %>
    21:   </div>
    22:   <div class="field">
    23:     <%= f.label :image %><br>
  app/views/foods/_form.html.erb:20:in `block in _app_views_foods__form_html_erb___256814639645678721_70226843673200'
  app/views/foods/_form.html.erb:1:in `_app_views_foods__form_html_erb___256814639645678721_70226843673200'
  app/views/foods/new.html.erb:3:in `_app_views_foods_new_html_erb___404642028974881454_70226890473780'


  Rendered /usr/local/lib/ruby/gems/2.2.0/gems/actionpack-4.2.1/lib/action_dispatch/middleware/templates/rescues/_source.erb (6.2ms)
  Rendered /usr/local/lib/ruby/gems/2.2.0/gems/actionpack-4.2.1/lib/action_dispatch/middleware/templates/rescues/_trace.html.erb (2.7ms)
  Rendered /usr/local/lib/ruby/gems/2.2.0/gems/actionpack-4.2.1/lib/action_dispatch/middleware/templates/rescues/_request_and_response.html.erb (0.8ms)
  Rendered /usr/local/lib/ruby/gems/2.2.0/gems/actionpack-4.2.1/lib/action_dispatch/middleware/templates/rescues/template_error.html.erb within rescues/layout (48.6ms)
  Rendered /usr/local/lib/ruby/gems/2.2.0/gems/web-console-2.1.2/lib/web_console/templates/_markup.html.erb (0.2ms)
  Rendered /usr/local/lib/ruby/gems/2.2.0/gems/web-console-2.1.2/lib/web_console/templates/style.css.erb within layouts/inlined_string (0.2ms)
  Rendered /usr/local/lib/ruby/gems/2.2.0/gems/web-console-2.1.2/lib/web_console/templates/_inner_console_markup.html.erb within layouts/inlined_string (0.2ms)
  Rendered /usr/local/lib/ruby/gems/2.2.0/gems/web-console-2.1.2/lib/web_console/templates/_prompt_box_markup.html.erb within layouts/inlined_string (0.2ms)
  Rendered /usr/local/lib/ruby/gems/2.2.0/gems/web-console-2.1.2/lib/web_console/templates/console.js.erb within layouts/javascript (43.7ms)
  Rendered /usr/local/lib/ruby/gems/2.2.0/gems/web-console-2.1.2/lib/web_console/templates/main.js.erb within layouts/javascript (0.2ms)
  Rendered /usr/local/lib/ruby/gems/2.2.0/gems/web-console-2.1.2/lib/web_console/templates/error_page.js.erb within layouts/javascript (0.4ms)
  Rendered /usr/local/lib/ruby/gems/2.2.0/gems/web-console-2.1.2/lib/web_console/templates/index.html.erb (89.0ms)


Started GET "/foods" for ::1 at 2015-05-16 15:05:42 -0400
Processing by FoodsController#index as HTML
  [1m[35mFood Load (0.1ms)[0m  SELECT "foods".* FROM "foods"
  Rendered foods/index.html.erb within layouts/application (0.6ms)
Completed 200 OK in 28ms (Views: 27.5ms | ActiveRecord: 0.1ms)


Started GET "/food_category" for ::1 at 2015-05-16 15:05:49 -0400

ActionController::RoutingError (No route matches [GET] "/food_category"):
  actionpack (4.2.1) lib/action_dispatch/middleware/debug_exceptions.rb:21:in `call'
  web-console (2.1.2) lib/web_console/middleware.rb:37:in `call'
  actionpack (4.2.1) lib/action_dispatch/middleware/show_exceptions.rb:30:in `call'
  railties (4.2.1) lib/rails/rack/logger.rb:38:in `call_app'
  railties (4.2.1) lib/rails/rack/logger.rb:20:in `block in call'
  activesupport (4.2.1) lib/active_support/tagged_logging.rb:68:in `block in tagged'
  activesupport (4.2.1) lib/active_support/tagged_logging.rb:26:in `tagged'
  activesupport (4.2.1) lib/active_support/tagged_logging.rb:68:in `tagged'
  railties (4.2.1) lib/rails/rack/logger.rb:20:in `call'
  actionpack (4.2.1) lib/action_dispatch/middleware/request_id.rb:21:in `call'
  rack (1.6.1) lib/rack/methodoverride.rb:22:in `call'
  rack (1.6.1) lib/rack/runtime.rb:18:in `call'
  activesupport (4.2.1) lib/active_support/cache/strategy/local_cache_middleware.rb:28:in `call'
  rack (1.6.1) lib/rack/lock.rb:17:in `call'
  actionpack (4.2.1) lib/action_dispatch/middleware/static.rb:113:in `call'
  rack (1.6.1) lib/rack/sendfile.rb:113:in `call'
  railties (4.2.1) lib/rails/engine.rb:518:in `call'
  railties (4.2.1) lib/rails/application.rb:164:in `call'
  rack (1.6.1) lib/rack/lock.rb:17:in `call'
  rack (1.6.1) lib/rack/content_length.rb:15:in `call'
  rack (1.6.1) lib/rack/handler/webrick.rb:89:in `service'
  /usr/local/Cellar/ruby/2.2.2/lib/ruby/2.2.0/webrick/httpserver.rb:138:in `service'
  /usr/local/Cellar/ruby/2.2.2/lib/ruby/2.2.0/webrick/httpserver.rb:94:in `run'
  /usr/local/Cellar/ruby/2.2.2/lib/ruby/2.2.0/webrick/server.rb:294:in `block in start_thread'


  Rendered /usr/local/lib/ruby/gems/2.2.0/gems/actionpack-4.2.1/lib/action_dispatch/middleware/templates/rescues/_trace.html.erb (1.2ms)
  Rendered /usr/local/lib/ruby/gems/2.2.0/gems/actionpack-4.2.1/lib/action_dispatch/middleware/templates/routes/_route.html.erb (1.1ms)
  Rendered /usr/local/lib/ruby/gems/2.2.0/gems/actionpack-4.2.1/lib/action_dispatch/middleware/templates/routes/_table.html.erb (1.8ms)
  Rendered /usr/local/lib/ruby/gems/2.2.0/gems/actionpack-4.2.1/lib/action_dispatch/middleware/templates/rescues/_request_and_response.html.erb (1.1ms)
  Rendered /usr/local/lib/ruby/gems/2.2.0/gems/actionpack-4.2.1/lib/action_dispatch/middleware/templates/rescues/routing_error.html.erb within rescues/layout (61.9ms)
  Rendered /usr/local/lib/ruby/gems/2.2.0/gems/web-console-2.1.2/lib/web_console/templates/_markup.html.erb (0.3ms)
  Rendered /usr/local/lib/ruby/gems/2.2.0/gems/web-console-2.1.2/lib/web_console/templates/style.css.erb within layouts/inlined_string (0.2ms)
  Rendered /usr/local/lib/ruby/gems/2.2.0/gems/web-console-2.1.2/lib/web_console/templates/_inner_console_markup.html.erb within layouts/inlined_string (0.3ms)
  Rendered /usr/local/lib/ruby/gems/2.2.0/gems/web-console-2.1.2/lib/web_console/templates/_prompt_box_markup.html.erb within layouts/inlined_string (0.3ms)
  Rendered /usr/local/lib/ruby/gems/2.2.0/gems/web-console-2.1.2/lib/web_console/templates/console.js.erb within layouts/javascript (34.9ms)
  Rendered /usr/local/lib/ruby/gems/2.2.0/gems/web-console-2.1.2/lib/web_console/templates/main.js.erb within layouts/javascript (0.4ms)
  Rendered /usr/local/lib/ruby/gems/2.2.0/gems/web-console-2.1.2/lib/web_console/templates/error_page.js.erb within layouts/javascript (0.4ms)
  Rendered /usr/local/lib/ruby/gems/2.2.0/gems/web-console-2.1.2/lib/web_console/templates/index.html.erb (83.2ms)


Started GET "/food_categories" for ::1 at 2015-05-16 15:05:56 -0400
Processing by FoodCategoriesController#index as HTML
  [1m[36mFoodCategory Load (0.1ms)[0m  [1mSELECT "food_categories".* FROM "food_categories"[0m
  Rendered food_categories/index.html.erb within layouts/application (2.5ms)
Completed 200 OK in 37ms (Views: 36.0ms | ActiveRecord: 0.1ms)


Started GET "/food_categories" for ::1 at 2015-05-16 15:05:59 -0400
Processing by FoodCategoriesController#index as HTML
  [1m[35mFoodCategory Load (0.2ms)[0m  SELECT "food_categories".* FROM "food_categories"
  Rendered food_categories/index.html.erb within layouts/application (2.3ms)
Completed 200 OK in 33ms (Views: 32.6ms | ActiveRecord: 0.2ms)


Started GET "/assets/foods.self-b60acab5af8d245ed2b3012f77d11d8d207d8eada27756badaf4ef05770d60f6.css?body=1" for ::1 at 2015-05-16 15:05:59 -0400


Started GET "/assets/food_categories.self-e3b0c44298fc1c149afbf4c8996fb92427ae41e4649b934ca495991b7852b855.css?body=1" for ::1 at 2015-05-16 15:05:59 -0400


Started GET "/assets/jquery.self-d03a5518f45df77341bdbe6201ba3bfa547ebba8ed64f0ea56bfa5f96ea7c074.js?body=1" for ::1 at 2015-05-16 15:05:59 -0400


Started GET "/assets/scaffold.self-83b741db49389dc7cfdf85bf7537a0219cce48e085c4116afc83d55c9af47c78.css?body=1" for ::1 at 2015-05-16 15:05:59 -0400


Started GET "/assets/application.self-e80e8f2318043e8af94dddc2adad5a4f09739a8ebb323b3ab31cd71d45fd9113.css?body=1" for ::1 at 2015-05-16 15:05:59 -0400


Started GET "/assets/scaffolds.self-c5ed04c0da6144ecf9e6131e6ff6a7fcd8a1de4a1f88770942a6d567dd84b0cf.css?body=1" for ::1 at 2015-05-16 15:05:59 -0400


Started GET "/assets/jquery_ujs.self-8e98a7a072a6cee1372d19fff9ff3e6aa1e39a37d89d6f06861637d061113ee7.js?body=1" for ::1 at 2015-05-16 15:05:59 -0400


Started GET "/assets/turbolinks.self-c37727e9bd6b2735da5c311aa83fead54ed0be6cc8bd9a65309e9c5abe2cbfff.js?body=1" for ::1 at 2015-05-16 15:05:59 -0400


Started GET "/assets/food_categories.self-877aef30ae1b040ab8a3aba4e3e309a11d7f2612f44dde450b5c157aa5f95c05.js?body=1" for ::1 at 2015-05-16 15:05:59 -0400


Started GET "/assets/foods.self-19a187bec6cdb96d6de80a61c16c857c613536adf9138476bd367db38d282635.js?body=1" for ::1 at 2015-05-16 15:06:00 -0400


Started GET "/assets/application.self-3b8dabdc891efe46b9a144b400ad69e37d7e5876bdc39dee783419a69d7ca819.js?body=1" for ::1 at 2015-05-16 15:06:00 -0400


Started GET "/food_categories" for ::1 at 2015-05-16 15:06:01 -0400
Processing by FoodCategoriesController#index as HTML
  [1m[36mFoodCategory Load (0.2ms)[0m  [1mSELECT "food_categories".* FROM "food_categories"[0m
  Rendered food_categories/index.html.erb within layouts/application (3.4ms)
Completed 200 OK in 40ms (Views: 39.5ms | ActiveRecord: 0.2ms)


Started GET "/assets/food_categories.self-e3b0c44298fc1c149afbf4c8996fb92427ae41e4649b934ca495991b7852b855.css?body=1" for ::1 at 2015-05-16 15:06:01 -0400


Started GET "/assets/application.self-e80e8f2318043e8af94dddc2adad5a4f09739a8ebb323b3ab31cd71d45fd9113.css?body=1" for ::1 at 2015-05-16 15:06:01 -0400


Started GET "/assets/scaffold.self-83b741db49389dc7cfdf85bf7537a0219cce48e085c4116afc83d55c9af47c78.css?body=1" for ::1 at 2015-05-16 15:06:01 -0400


Started GET "/assets/scaffolds.self-c5ed04c0da6144ecf9e6131e6ff6a7fcd8a1de4a1f88770942a6d567dd84b0cf.css?body=1" for ::1 at 2015-05-16 15:06:01 -0400


Started GET "/assets/jquery.self-d03a5518f45df77341bdbe6201ba3bfa547ebba8ed64f0ea56bfa5f96ea7c074.js?body=1" for ::1 at 2015-05-16 15:06:01 -0400


Started GET "/assets/foods.self-b60acab5af8d245ed2b3012f77d11d8d207d8eada27756badaf4ef05770d60f6.css?body=1" for ::1 at 2015-05-16 15:06:01 -0400


Started GET "/assets/jquery_ujs.self-8e98a7a072a6cee1372d19fff9ff3e6aa1e39a37d89d6f06861637d061113ee7.js?body=1" for ::1 at 2015-05-16 15:06:01 -0400


Started GET "/assets/turbolinks.self-c37727e9bd6b2735da5c311aa83fead54ed0be6cc8bd9a65309e9c5abe2cbfff.js?body=1" for ::1 at 2015-05-16 15:06:01 -0400


Started GET "/assets/food_categories.self-877aef30ae1b040ab8a3aba4e3e309a11d7f2612f44dde450b5c157aa5f95c05.js?body=1" for ::1 at 2015-05-16 15:06:01 -0400


Started GET "/assets/foods.self-19a187bec6cdb96d6de80a61c16c857c613536adf9138476bd367db38d282635.js?body=1" for ::1 at 2015-05-16 15:06:01 -0400


Started GET "/assets/application.self-3b8dabdc891efe46b9a144b400ad69e37d7e5876bdc39dee783419a69d7ca819.js?body=1" for ::1 at 2015-05-16 15:06:01 -0400


Started GET "/food_categories/1/edit" for ::1 at 2015-05-16 15:08:57 -0400
Processing by FoodCategoriesController#edit as HTML
  Parameters: {"id"=>"1"}
  [1m[35mFoodCategory Load (0.2ms)[0m  SELECT  "food_categories".* FROM "food_categories" WHERE "food_categories"."id" = ? LIMIT 1  [["id", 1]]
  Rendered food_categories/_form.html.erb (1.7ms)
  Rendered food_categories/edit.html.erb within layouts/application (4.6ms)
Completed 200 OK in 40ms (Views: 38.6ms | ActiveRecord: 0.2ms)


Started GET "/food_categories/1/edit" for ::1 at 2015-05-16 15:11:27 -0400
Processing by FoodCategoriesController#edit as HTML
  Parameters: {"id"=>"1"}
  [1m[36mFoodCategory Load (0.1ms)[0m  [1mSELECT  "food_categories".* FROM "food_categories" WHERE "food_categories"."id" = ? LIMIT 1[0m  [["id", 1]]
  Rendered food_categories/_form.html.erb (1.7ms)
  Rendered food_categories/edit.html.erb within layouts/application (3.6ms)
Completed 200 OK in 37ms (Views: 35.6ms | ActiveRecord: 0.1ms)


Started GET "/assets/food_categories.self-e3b0c44298fc1c149afbf4c8996fb92427ae41e4649b934ca495991b7852b855.css?body=1" for ::1 at 2015-05-16 15:11:27 -0400


Started GET "/assets/scaffold.self-83b741db49389dc7cfdf85bf7537a0219cce48e085c4116afc83d55c9af47c78.css?body=1" for ::1 at 2015-05-16 15:11:27 -0400


Started GET "/assets/foods.self-b60acab5af8d245ed2b3012f77d11d8d207d8eada27756badaf4ef05770d60f6.css?body=1" for ::1 at 2015-05-16 15:11:27 -0400


Started GET "/assets/scaffolds.self-c5ed04c0da6144ecf9e6131e6ff6a7fcd8a1de4a1f88770942a6d567dd84b0cf.css?body=1" for ::1 at 2015-05-16 15:11:27 -0400


Started GET "/assets/application.self-e80e8f2318043e8af94dddc2adad5a4f09739a8ebb323b3ab31cd71d45fd9113.css?body=1" for ::1 at 2015-05-16 15:11:27 -0400


Started GET "/assets/jquery.self-d03a5518f45df77341bdbe6201ba3bfa547ebba8ed64f0ea56bfa5f96ea7c074.js?body=1" for ::1 at 2015-05-16 15:11:27 -0400


Started GET "/assets/jquery_ujs.self-8e98a7a072a6cee1372d19fff9ff3e6aa1e39a37d89d6f06861637d061113ee7.js?body=1" for ::1 at 2015-05-16 15:11:27 -0400


Started GET "/assets/turbolinks.self-c37727e9bd6b2735da5c311aa83fead54ed0be6cc8bd9a65309e9c5abe2cbfff.js?body=1" for ::1 at 2015-05-16 15:11:27 -0400


Started GET "/assets/application.self-3b8dabdc891efe46b9a144b400ad69e37d7e5876bdc39dee783419a69d7ca819.js?body=1" for ::1 at 2015-05-16 15:11:27 -0400


Started GET "/assets/foods.self-19a187bec6cdb96d6de80a61c16c857c613536adf9138476bd367db38d282635.js?body=1" for ::1 at 2015-05-16 15:11:27 -0400


Started GET "/assets/food_categories.self-877aef30ae1b040ab8a3aba4e3e309a11d7f2612f44dde450b5c157aa5f95c05.js?body=1" for ::1 at 2015-05-16 15:11:27 -0400


Started GET "/food_categories/1/edit" for ::1 at 2015-05-16 15:11:42 -0400
  [1m[36mActiveRecord::SchemaMigration Load (0.1ms)[0m  [1mSELECT "schema_migrations".* FROM "schema_migrations"[0m
Processing by FoodCategoriesController#edit as HTML
  Parameters: {"id"=>"1"}
  [1m[35mFoodCategory Load (0.3ms)[0m  SELECT  "food_categories".* FROM "food_categories" WHERE "food_categories"."id" = ? LIMIT 1  [["id", 1]]
  Rendered food_categories/_form.html.erb (26.9ms)
  Rendered food_categories/edit.html.erb within layouts/application (32.2ms)
Completed 200 OK in 256ms (Views: 226.8ms | ActiveRecord: 0.7ms)


Started GET "/assets/scaffold.self-83b741db49389dc7cfdf85bf7537a0219cce48e085c4116afc83d55c9af47c78.css?body=1" for ::1 at 2015-05-16 15:11:43 -0400


Started GET "/assets/foods.self-b60acab5af8d245ed2b3012f77d11d8d207d8eada27756badaf4ef05770d60f6.css?body=1" for ::1 at 2015-05-16 15:11:43 -0400


Started GET "/assets/food_categories.self-e3b0c44298fc1c149afbf4c8996fb92427ae41e4649b934ca495991b7852b855.css?body=1" for ::1 at 2015-05-16 15:11:43 -0400


Started GET "/assets/application.self-e80e8f2318043e8af94dddc2adad5a4f09739a8ebb323b3ab31cd71d45fd9113.css?body=1" for ::1 at 2015-05-16 15:11:43 -0400


Started GET "/assets/jquery_ujs.self-8e98a7a072a6cee1372d19fff9ff3e6aa1e39a37d89d6f06861637d061113ee7.js?body=1" for ::1 at 2015-05-16 15:11:43 -0400


Started GET "/assets/scaffolds.self-c5ed04c0da6144ecf9e6131e6ff6a7fcd8a1de4a1f88770942a6d567dd84b0cf.css?body=1" for ::1 at 2015-05-16 15:11:43 -0400


Started GET "/assets/jquery.self-d03a5518f45df77341bdbe6201ba3bfa547ebba8ed64f0ea56bfa5f96ea7c074.js?body=1" for ::1 at 2015-05-16 15:11:43 -0400


Started GET "/assets/turbolinks.self-c37727e9bd6b2735da5c311aa83fead54ed0be6cc8bd9a65309e9c5abe2cbfff.js?body=1" for ::1 at 2015-05-16 15:11:43 -0400


Started GET "/assets/foods.self-19a187bec6cdb96d6de80a61c16c857c613536adf9138476bd367db38d282635.js?body=1" for ::1 at 2015-05-16 15:11:43 -0400


Started GET "/assets/food_categories.self-877aef30ae1b040ab8a3aba4e3e309a11d7f2612f44dde450b5c157aa5f95c05.js?body=1" for ::1 at 2015-05-16 15:11:43 -0400


Started GET "/assets/application.self-3b8dabdc891efe46b9a144b400ad69e37d7e5876bdc39dee783419a69d7ca819.js?body=1" for ::1 at 2015-05-16 15:11:43 -0400


Started GET "/food_categories" for ::1 at 2015-05-16 15:11:45 -0400
Processing by FoodCategoriesController#index as HTML
  [1m[36mFoodCategory Load (0.2ms)[0m  [1mSELECT "food_categories".* FROM "food_categories"[0m
  Rendered food_categories/index.html.erb within layouts/application (2.9ms)
Completed 200 OK in 51ms (Views: 50.6ms | ActiveRecord: 0.2ms)


Started GET "/food_categories" for ::1 at 2015-05-16 15:11:47 -0400
Processing by FoodCategoriesController#index as HTML
  [1m[35mFoodCategory Load (0.1ms)[0m  SELECT "food_categories".* FROM "food_categories"
  Rendered food_categories/index.html.erb within layouts/application (3.2ms)
Completed 200 OK in 34ms (Views: 33.2ms | ActiveRecord: 0.1ms)


Started GET "/assets/food_categories.self-e3b0c44298fc1c149afbf4c8996fb92427ae41e4649b934ca495991b7852b855.css?body=1" for ::1 at 2015-05-16 15:11:47 -0400


Started GET "/assets/foods.self-b60acab5af8d245ed2b3012f77d11d8d207d8eada27756badaf4ef05770d60f6.css?body=1" for ::1 at 2015-05-16 15:11:47 -0400


Started GET "/assets/jquery_ujs.self-8e98a7a072a6cee1372d19fff9ff3e6aa1e39a37d89d6f06861637d061113ee7.js?body=1" for ::1 at 2015-05-16 15:11:47 -0400


Started GET "/assets/jquery.self-d03a5518f45df77341bdbe6201ba3bfa547ebba8ed64f0ea56bfa5f96ea7c074.js?body=1" for ::1 at 2015-05-16 15:11:47 -0400


Started GET "/assets/application.self-e80e8f2318043e8af94dddc2adad5a4f09739a8ebb323b3ab31cd71d45fd9113.css?body=1" for ::1 at 2015-05-16 15:11:47 -0400


Started GET "/assets/scaffolds.self-c5ed04c0da6144ecf9e6131e6ff6a7fcd8a1de4a1f88770942a6d567dd84b0cf.css?body=1" for ::1 at 2015-05-16 15:11:47 -0400


Started GET "/assets/food_categories.self-877aef30ae1b040ab8a3aba4e3e309a11d7f2612f44dde450b5c157aa5f95c05.js?body=1" for ::1 at 2015-05-16 15:11:47 -0400


Started GET "/assets/turbolinks.self-c37727e9bd6b2735da5c311aa83fead54ed0be6cc8bd9a65309e9c5abe2cbfff.js?body=1" for ::1 at 2015-05-16 15:11:47 -0400


Started GET "/assets/scaffold.self-83b741db49389dc7cfdf85bf7537a0219cce48e085c4116afc83d55c9af47c78.css?body=1" for ::1 at 2015-05-16 15:11:47 -0400


Started GET "/assets/foods.self-19a187bec6cdb96d6de80a61c16c857c613536adf9138476bd367db38d282635.js?body=1" for ::1 at 2015-05-16 15:11:47 -0400


Started GET "/assets/application.self-3b8dabdc891efe46b9a144b400ad69e37d7e5876bdc39dee783419a69d7ca819.js?body=1" for ::1 at 2015-05-16 15:11:47 -0400


Started GET "/food_categories" for ::1 at 2015-05-16 15:11:49 -0400
Processing by FoodCategoriesController#index as HTML
  [1m[36mFoodCategory Load (0.1ms)[0m  [1mSELECT "food_categories".* FROM "food_categories"[0m
  Rendered food_categories/index.html.erb within layouts/application (4.8ms)
Completed 200 OK in 55ms (Views: 54.3ms | ActiveRecord: 0.1ms)


Started GET "/assets/foods.self-b60acab5af8d245ed2b3012f77d11d8d207d8eada27756badaf4ef05770d60f6.css?body=1" for ::1 at 2015-05-16 15:11:49 -0400


Started GET "/assets/scaffolds.self-c5ed04c0da6144ecf9e6131e6ff6a7fcd8a1de4a1f88770942a6d567dd84b0cf.css?body=1" for ::1 at 2015-05-16 15:11:50 -0400


Started GET "/assets/jquery.self-d03a5518f45df77341bdbe6201ba3bfa547ebba8ed64f0ea56bfa5f96ea7c074.js?body=1" for ::1 at 2015-05-16 15:11:50 -0400


Started GET "/assets/scaffold.self-83b741db49389dc7cfdf85bf7537a0219cce48e085c4116afc83d55c9af47c78.css?body=1" for ::1 at 2015-05-16 15:11:50 -0400


Started GET "/assets/application.self-e80e8f2318043e8af94dddc2adad5a4f09739a8ebb323b3ab31cd71d45fd9113.css?body=1" for ::1 at 2015-05-16 15:11:50 -0400


Started GET "/assets/food_categories.self-e3b0c44298fc1c149afbf4c8996fb92427ae41e4649b934ca495991b7852b855.css?body=1" for ::1 at 2015-05-16 15:11:50 -0400


Started GET "/assets/jquery_ujs.self-8e98a7a072a6cee1372d19fff9ff3e6aa1e39a37d89d6f06861637d061113ee7.js?body=1" for ::1 at 2015-05-16 15:11:50 -0400


Started GET "/assets/turbolinks.self-c37727e9bd6b2735da5c311aa83fead54ed0be6cc8bd9a65309e9c5abe2cbfff.js?body=1" for ::1 at 2015-05-16 15:11:50 -0400


Started GET "/assets/food_categories.self-877aef30ae1b040ab8a3aba4e3e309a11d7f2612f44dde450b5c157aa5f95c05.js?body=1" for ::1 at 2015-05-16 15:11:50 -0400


Started GET "/assets/foods.self-19a187bec6cdb96d6de80a61c16c857c613536adf9138476bd367db38d282635.js?body=1" for ::1 at 2015-05-16 15:11:50 -0400


Started GET "/assets/application.self-3b8dabdc891efe46b9a144b400ad69e37d7e5876bdc39dee783419a69d7ca819.js?body=1" for ::1 at 2015-05-16 15:11:50 -0400


Started GET "/food_categories/1" for ::1 at 2015-05-16 15:11:52 -0400
Processing by FoodCategoriesController#show as HTML
  Parameters: {"id"=>"1"}
  [1m[35mFoodCategory Load (0.1ms)[0m  SELECT  "food_categories".* FROM "food_categories" WHERE "food_categories"."id" = ? LIMIT 1  [["id", 1]]
  Rendered food_categories/show.html.erb within layouts/application (1.0ms)
Completed 200 OK in 45ms (Views: 44.1ms | ActiveRecord: 0.1ms)


Started GET "/food_categories" for ::1 at 2015-05-16 15:12:17 -0400
Processing by FoodCategoriesController#index as HTML
  [1m[36mFoodCategory Load (0.3ms)[0m  [1mSELECT "food_categories".* FROM "food_categories"[0m
  Rendered food_categories/index.html.erb within layouts/application (3.3ms)
Completed 200 OK in 31ms (Views: 30.0ms | ActiveRecord: 0.3ms)


Started GET "/food_categories" for ::1 at 2015-05-16 15:12:59 -0400
  [1m[36mActiveRecord::SchemaMigration Load (0.1ms)[0m  [1mSELECT "schema_migrations".* FROM "schema_migrations"[0m
Processing by FoodCategoriesController#index as HTML
  [1m[35mFoodCategory Load (0.2ms)[0m  SELECT "food_categories".* FROM "food_categories"
  Rendered food_categories/index.html.erb within layouts/application (6.7ms)
Completed 200 OK in 172ms (Views: 162.3ms | ActiveRecord: 0.4ms)


Started GET "/assets/food_categories.self-e3b0c44298fc1c149afbf4c8996fb92427ae41e4649b934ca495991b7852b855.css?body=1" for ::1 at 2015-05-16 15:12:59 -0400


Started GET "/assets/foods.self-b60acab5af8d245ed2b3012f77d11d8d207d8eada27756badaf4ef05770d60f6.css?body=1" for ::1 at 2015-05-16 15:12:59 -0400


Started GET "/assets/scaffold.self-83b741db49389dc7cfdf85bf7537a0219cce48e085c4116afc83d55c9af47c78.css?body=1" for ::1 at 2015-05-16 15:12:59 -0400


Started GET "/assets/turbolinks.self-c37727e9bd6b2735da5c311aa83fead54ed0be6cc8bd9a65309e9c5abe2cbfff.js?body=1" for ::1 at 2015-05-16 15:12:59 -0400


Started GET "/assets/food_categories.self-877aef30ae1b040ab8a3aba4e3e309a11d7f2612f44dde450b5c157aa5f95c05.js?body=1" for ::1 at 2015-05-16 15:12:59 -0400


Started GET "/assets/jquery_ujs.self-8e98a7a072a6cee1372d19fff9ff3e6aa1e39a37d89d6f06861637d061113ee7.js?body=1" for ::1 at 2015-05-16 15:12:59 -0400


Started GET "/assets/scaffolds.self-c5ed04c0da6144ecf9e6131e6ff6a7fcd8a1de4a1f88770942a6d567dd84b0cf.css?body=1" for ::1 at 2015-05-16 15:12:59 -0400


Started GET "/assets/jquery.self-d03a5518f45df77341bdbe6201ba3bfa547ebba8ed64f0ea56bfa5f96ea7c074.js?body=1" for ::1 at 2015-05-16 15:12:59 -0400


Started GET "/assets/application.self-e80e8f2318043e8af94dddc2adad5a4f09739a8ebb323b3ab31cd71d45fd9113.css?body=1" for ::1 at 2015-05-16 15:12:59 -0400


Started GET "/assets/foods.self-19a187bec6cdb96d6de80a61c16c857c613536adf9138476bd367db38d282635.js?body=1" for ::1 at 2015-05-16 15:12:59 -0400


Started GET "/assets/application.self-3b8dabdc891efe46b9a144b400ad69e37d7e5876bdc39dee783419a69d7ca819.js?body=1" for ::1 at 2015-05-16 15:12:59 -0400


Started GET "/food_categories" for ::1 at 2015-05-16 15:13:03 -0400
Processing by FoodCategoriesController#index as HTML
  [1m[36mFoodCategory Load (0.2ms)[0m  [1mSELECT "food_categories".* FROM "food_categories"[0m
  Rendered food_categories/index.html.erb within layouts/application (2.9ms)
Completed 200 OK in 32ms (Views: 30.9ms | ActiveRecord: 0.2ms)


Started GET "/assets/food_categories.self-e3b0c44298fc1c149afbf4c8996fb92427ae41e4649b934ca495991b7852b855.css?body=1" for ::1 at 2015-05-16 15:13:03 -0400


Started GET "/assets/foods.self-b60acab5af8d245ed2b3012f77d11d8d207d8eada27756badaf4ef05770d60f6.css?body=1" for ::1 at 2015-05-16 15:13:03 -0400


Started GET "/assets/scaffold.self-83b741db49389dc7cfdf85bf7537a0219cce48e085c4116afc83d55c9af47c78.css?body=1" for ::1 at 2015-05-16 15:13:03 -0400


Started GET "/assets/application.self-e80e8f2318043e8af94dddc2adad5a4f09739a8ebb323b3ab31cd71d45fd9113.css?body=1" for ::1 at 2015-05-16 15:13:03 -0400


Started GET "/assets/scaffolds.self-c5ed04c0da6144ecf9e6131e6ff6a7fcd8a1de4a1f88770942a6d567dd84b0cf.css?body=1" for ::1 at 2015-05-16 15:13:03 -0400


Started GET "/assets/jquery.self-d03a5518f45df77341bdbe6201ba3bfa547ebba8ed64f0ea56bfa5f96ea7c074.js?body=1" for ::1 at 2015-05-16 15:13:03 -0400


Started GET "/assets/jquery_ujs.self-8e98a7a072a6cee1372d19fff9ff3e6aa1e39a37d89d6f06861637d061113ee7.js?body=1" for ::1 at 2015-05-16 15:13:03 -0400


Started GET "/assets/turbolinks.self-c37727e9bd6b2735da5c311aa83fead54ed0be6cc8bd9a65309e9c5abe2cbfff.js?body=1" for ::1 at 2015-05-16 15:13:03 -0400


Started GET "/assets/food_categories.self-877aef30ae1b040ab8a3aba4e3e309a11d7f2612f44dde450b5c157aa5f95c05.js?body=1" for ::1 at 2015-05-16 15:13:03 -0400


Started GET "/assets/application.self-3b8dabdc891efe46b9a144b400ad69e37d7e5876bdc39dee783419a69d7ca819.js?body=1" for ::1 at 2015-05-16 15:13:03 -0400


Started GET "/assets/foods.self-19a187bec6cdb96d6de80a61c16c857c613536adf9138476bd367db38d282635.js?body=1" for ::1 at 2015-05-16 15:13:03 -0400
  [1m[36mFoodCategory Load (1.4ms)[0m  [1mSELECT "food_categories".* FROM "food_categories"[0m


Started GET "/food_categories" for ::1 at 2015-05-16 15:14:20 -0400
  [1m[36mActiveRecord::SchemaMigration Load (0.1ms)[0m  [1mSELECT "schema_migrations".* FROM "schema_migrations"[0m
Processing by FoodCategoriesController#index as HTML
  [1m[35mFoodCategory Load (0.1ms)[0m  SELECT "food_categories".* FROM "food_categories"
  Rendered food_categories/index.html.erb within layouts/application (7.5ms)
Completed 200 OK in 171ms (Views: 159.9ms | ActiveRecord: 0.4ms)


Started GET "/assets/food_categories.self-e3b0c44298fc1c149afbf4c8996fb92427ae41e4649b934ca495991b7852b855.css?body=1" for ::1 at 2015-05-16 15:14:20 -0400


Started GET "/assets/scaffold.self-83b741db49389dc7cfdf85bf7537a0219cce48e085c4116afc83d55c9af47c78.css?body=1" for ::1 at 2015-05-16 15:14:20 -0400


Started GET "/assets/jquery.self-d03a5518f45df77341bdbe6201ba3bfa547ebba8ed64f0ea56bfa5f96ea7c074.js?body=1" for ::1 at 2015-05-16 15:14:20 -0400


Started GET "/assets/jquery_ujs.self-8e98a7a072a6cee1372d19fff9ff3e6aa1e39a37d89d6f06861637d061113ee7.js?body=1" for ::1 at 2015-05-16 15:14:20 -0400


Started GET "/assets/foods.self-b60acab5af8d245ed2b3012f77d11d8d207d8eada27756badaf4ef05770d60f6.css?body=1" for ::1 at 2015-05-16 15:14:20 -0400


Started GET "/assets/application.self-e80e8f2318043e8af94dddc2adad5a4f09739a8ebb323b3ab31cd71d45fd9113.css?body=1" for ::1 at 2015-05-16 15:14:20 -0400


Started GET "/assets/turbolinks.self-c37727e9bd6b2735da5c311aa83fead54ed0be6cc8bd9a65309e9c5abe2cbfff.js?body=1" for ::1 at 2015-05-16 15:14:21 -0400


Started GET "/assets/application.self-3b8dabdc891efe46b9a144b400ad69e37d7e5876bdc39dee783419a69d7ca819.js?body=1" for ::1 at 2015-05-16 15:14:21 -0400


Started GET "/assets/foods.self-19a187bec6cdb96d6de80a61c16c857c613536adf9138476bd367db38d282635.js?body=1" for ::1 at 2015-05-16 15:14:21 -0400


Started GET "/assets/food_categories.self-877aef30ae1b040ab8a3aba4e3e309a11d7f2612f44dde450b5c157aa5f95c05.js?body=1" for ::1 at 2015-05-16 15:14:21 -0400


Started GET "/assets/scaffolds.self-c5ed04c0da6144ecf9e6131e6ff6a7fcd8a1de4a1f88770942a6d567dd84b0cf.css?body=1" for ::1 at 2015-05-16 15:14:21 -0400


Started GET "/food_categories/new" for ::1 at 2015-05-16 15:14:23 -0400
Processing by FoodCategoriesController#new as HTML
  Rendered food_categories/_form.html.erb (13.3ms)
  Rendered food_categories/new.html.erb within layouts/application (17.8ms)
Completed 200 OK in 69ms (Views: 68.2ms | ActiveRecord: 0.0ms)


Started POST "/food_categories" for ::1 at 2015-05-16 15:14:33 -0400
Processing by FoodCategoriesController#create as HTML
  Parameters: {"utf8"=>"✓", "authenticity_token"=>"I8xU+rnFfskxWV3382sWvQgkoxnJz23JgIMVQAmQMboVL/+5yughClYlzr/3C+TuBDDZ1t7W4pzmKGxJDzQIsQ==", "food_category"=>{"name"=>"Gum", "image"=>""}, "commit"=>"Create Food category"}
  [1m[36m (0.1ms)[0m  [1mbegin transaction[0m
  [1m[35mSQL (0.5ms)[0m  INSERT INTO "food_categories" ("name", "image", "created_at", "updated_at") VALUES (?, ?, ?, ?)  [["name", "Gum"], ["image", ""], ["created_at", "2015-05-16 19:14:33.862791"], ["updated_at", "2015-05-16 19:14:33.862791"]]
  [1m[36m (1.3ms)[0m  [1mcommit transaction[0m
Redirected to http://localhost:3000/food_categories/11
Completed 302 Found in 8ms (ActiveRecord: 1.9ms)


Started GET "/food_categories/11" for ::1 at 2015-05-16 15:14:33 -0400
Processing by FoodCategoriesController#show as HTML
  Parameters: {"id"=>"11"}
  [1m[35mFoodCategory Load (0.2ms)[0m  SELECT  "food_categories".* FROM "food_categories" WHERE "food_categories"."id" = ? LIMIT 1  [["id", 11]]
  Rendered food_categories/show.html.erb within layouts/application (0.7ms)
Completed 200 OK in 44ms (Views: 37.9ms | ActiveRecord: 0.2ms)


Started GET "/food_categories" for ::1 at 2015-05-16 15:14:35 -0400
Processing by FoodCategoriesController#index as HTML
  [1m[36mFoodCategory Load (0.2ms)[0m  [1mSELECT "food_categories".* FROM "food_categories"[0m
  Rendered food_categories/index.html.erb within layouts/application (3.9ms)
Completed 200 OK in 58ms (Views: 57.4ms | ActiveRecord: 0.1ms)


Started GET "/food_categories" for ::1 at 2015-05-16 15:14:39 -0400
Processing by FoodCategoriesController#index as HTML
  [1m[35mFoodCategory Load (0.2ms)[0m  SELECT "food_categories".* FROM "food_categories"
  Rendered food_categories/index.html.erb within layouts/application (5.1ms)
Completed 200 OK in 50ms (Views: 49.0ms | ActiveRecord: 0.2ms)


Started GET "/assets/food_categories.self-e3b0c44298fc1c149afbf4c8996fb92427ae41e4649b934ca495991b7852b855.css?body=1" for ::1 at 2015-05-16 15:14:39 -0400


Started GET "/assets/foods.self-b60acab5af8d245ed2b3012f77d11d8d207d8eada27756badaf4ef05770d60f6.css?body=1" for ::1 at 2015-05-16 15:14:39 -0400


Started GET "/assets/application.self-e80e8f2318043e8af94dddc2adad5a4f09739a8ebb323b3ab31cd71d45fd9113.css?body=1" for ::1 at 2015-05-16 15:14:39 -0400


Started GET "/assets/jquery.self-d03a5518f45df77341bdbe6201ba3bfa547ebba8ed64f0ea56bfa5f96ea7c074.js?body=1" for ::1 at 2015-05-16 15:14:39 -0400


Started GET "/assets/scaffolds.self-c5ed04c0da6144ecf9e6131e6ff6a7fcd8a1de4a1f88770942a6d567dd84b0cf.css?body=1" for ::1 at 2015-05-16 15:14:39 -0400


Started GET "/assets/scaffold.self-83b741db49389dc7cfdf85bf7537a0219cce48e085c4116afc83d55c9af47c78.css?body=1" for ::1 at 2015-05-16 15:14:39 -0400


Started GET "/assets/jquery_ujs.self-8e98a7a072a6cee1372d19fff9ff3e6aa1e39a37d89d6f06861637d061113ee7.js?body=1" for ::1 at 2015-05-16 15:14:39 -0400


Started GET "/assets/turbolinks.self-c37727e9bd6b2735da5c311aa83fead54ed0be6cc8bd9a65309e9c5abe2cbfff.js?body=1" for ::1 at 2015-05-16 15:14:39 -0400


Started GET "/assets/food_categories.self-877aef30ae1b040ab8a3aba4e3e309a11d7f2612f44dde450b5c157aa5f95c05.js?body=1" for ::1 at 2015-05-16 15:14:39 -0400


Started GET "/assets/foods.self-19a187bec6cdb96d6de80a61c16c857c613536adf9138476bd367db38d282635.js?body=1" for ::1 at 2015-05-16 15:14:39 -0400


Started GET "/assets/application.self-3b8dabdc891efe46b9a144b400ad69e37d7e5876bdc39dee783419a69d7ca819.js?body=1" for ::1 at 2015-05-16 15:14:39 -0400


Started GET "/food_categories" for ::1 at 2015-05-16 15:14:41 -0400
Processing by FoodCategoriesController#index as HTML
  [1m[36mFoodCategory Load (0.1ms)[0m  [1mSELECT "food_categories".* FROM "food_categories"[0m
  Rendered food_categories/index.html.erb within layouts/application (3.1ms)
Completed 200 OK in 29ms (Views: 28.2ms | ActiveRecord: 0.1ms)


Started GET "/assets/foods.self-b60acab5af8d245ed2b3012f77d11d8d207d8eada27756badaf4ef05770d60f6.css?body=1" for ::1 at 2015-05-16 15:14:41 -0400


Started GET "/assets/scaffold.self-83b741db49389dc7cfdf85bf7537a0219cce48e085c4116afc83d55c9af47c78.css?body=1" for ::1 at 2015-05-16 15:14:41 -0400


Started GET "/assets/application.self-e80e8f2318043e8af94dddc2adad5a4f09739a8ebb323b3ab31cd71d45fd9113.css?body=1" for ::1 at 2015-05-16 15:14:41 -0400


Started GET "/assets/jquery.self-d03a5518f45df77341bdbe6201ba3bfa547ebba8ed64f0ea56bfa5f96ea7c074.js?body=1" for ::1 at 2015-05-16 15:14:41 -0400


Started GET "/assets/food_categories.self-e3b0c44298fc1c149afbf4c8996fb92427ae41e4649b934ca495991b7852b855.css?body=1" for ::1 at 2015-05-16 15:14:41 -0400


Started GET "/assets/scaffolds.self-c5ed04c0da6144ecf9e6131e6ff6a7fcd8a1de4a1f88770942a6d567dd84b0cf.css?body=1" for ::1 at 2015-05-16 15:14:41 -0400


Started GET "/assets/turbolinks.self-c37727e9bd6b2735da5c311aa83fead54ed0be6cc8bd9a65309e9c5abe2cbfff.js?body=1" for ::1 at 2015-05-16 15:14:41 -0400


Started GET "/assets/jquery_ujs.self-8e98a7a072a6cee1372d19fff9ff3e6aa1e39a37d89d6f06861637d061113ee7.js?body=1" for ::1 at 2015-05-16 15:14:41 -0400


Started GET "/assets/food_categories.self-877aef30ae1b040ab8a3aba4e3e309a11d7f2612f44dde450b5c157aa5f95c05.js?body=1" for ::1 at 2015-05-16 15:14:41 -0400


Started GET "/assets/foods.self-19a187bec6cdb96d6de80a61c16c857c613536adf9138476bd367db38d282635.js?body=1" for ::1 at 2015-05-16 15:14:41 -0400


Started GET "/assets/application.self-3b8dabdc891efe46b9a144b400ad69e37d7e5876bdc39dee783419a69d7ca819.js?body=1" for ::1 at 2015-05-16 15:14:41 -0400


Started GET "/food_categories" for ::1 at 2015-05-16 15:15:00 -0400
Processing by FoodCategoriesController#index as HTML
  [1m[35mFoodCategory Load (0.1ms)[0m  SELECT "food_categories".* FROM "food_categories"
  Rendered food_categories/index.html.erb within layouts/application (2.6ms)
Completed 200 OK in 29ms (Views: 28.6ms | ActiveRecord: 0.1ms)


Started GET "/assets/foods.self-b60acab5af8d245ed2b3012f77d11d8d207d8eada27756badaf4ef05770d60f6.css?body=1" for ::1 at 2015-05-16 15:15:00 -0400


Started GET "/assets/food_categories.self-e3b0c44298fc1c149afbf4c8996fb92427ae41e4649b934ca495991b7852b855.css?body=1" for ::1 at 2015-05-16 15:15:00 -0400


Started GET "/assets/jquery_ujs.self-8e98a7a072a6cee1372d19fff9ff3e6aa1e39a37d89d6f06861637d061113ee7.js?body=1" for ::1 at 2015-05-16 15:15:00 -0400


Started GET "/assets/jquery.self-d03a5518f45df77341bdbe6201ba3bfa547ebba8ed64f0ea56bfa5f96ea7c074.js?body=1" for ::1 at 2015-05-16 15:15:00 -0400


Started GET "/assets/scaffold.self-83b741db49389dc7cfdf85bf7537a0219cce48e085c4116afc83d55c9af47c78.css?body=1" for ::1 at 2015-05-16 15:15:00 -0400


Started GET "/assets/scaffolds.self-c5ed04c0da6144ecf9e6131e6ff6a7fcd8a1de4a1f88770942a6d567dd84b0cf.css?body=1" for ::1 at 2015-05-16 15:15:00 -0400


Started GET "/assets/application.self-e80e8f2318043e8af94dddc2adad5a4f09739a8ebb323b3ab31cd71d45fd9113.css?body=1" for ::1 at 2015-05-16 15:15:00 -0400


Started GET "/assets/turbolinks.self-c37727e9bd6b2735da5c311aa83fead54ed0be6cc8bd9a65309e9c5abe2cbfff.js?body=1" for ::1 at 2015-05-16 15:15:00 -0400


Started GET "/assets/food_categories.self-877aef30ae1b040ab8a3aba4e3e309a11d7f2612f44dde450b5c157aa5f95c05.js?body=1" for ::1 at 2015-05-16 15:15:00 -0400


Started GET "/assets/foods.self-19a187bec6cdb96d6de80a61c16c857c613536adf9138476bd367db38d282635.js?body=1" for ::1 at 2015-05-16 15:15:00 -0400


Started GET "/assets/application.self-3b8dabdc891efe46b9a144b400ad69e37d7e5876bdc39dee783419a69d7ca819.js?body=1" for ::1 at 2015-05-16 15:15:00 -0400


Started GET "/food_categories" for ::1 at 2015-05-16 15:15:21 -0400
Processing by FoodCategoriesController#index as HTML
  [1m[36mFoodCategory Load (0.2ms)[0m  [1mSELECT "food_categories".* FROM "food_categories"[0m
  Rendered food_categories/index.html.erb within layouts/application (3.0ms)
Completed 200 OK in 32ms (Views: 30.9ms | ActiveRecord: 0.2ms)


Started GET "/assets/food_categories.self-e3b0c44298fc1c149afbf4c8996fb92427ae41e4649b934ca495991b7852b855.css?body=1" for ::1 at 2015-05-16 15:15:21 -0400


Started GET "/assets/foods.self-b60acab5af8d245ed2b3012f77d11d8d207d8eada27756badaf4ef05770d60f6.css?body=1" for ::1 at 2015-05-16 15:15:21 -0400


Started GET "/assets/scaffold.self-83b741db49389dc7cfdf85bf7537a0219cce48e085c4116afc83d55c9af47c78.css?body=1" for ::1 at 2015-05-16 15:15:21 -0400


Started GET "/assets/scaffolds.self-c5ed04c0da6144ecf9e6131e6ff6a7fcd8a1de4a1f88770942a6d567dd84b0cf.css?body=1" for ::1 at 2015-05-16 15:15:21 -0400


Started GET "/assets/application.self-e80e8f2318043e8af94dddc2adad5a4f09739a8ebb323b3ab31cd71d45fd9113.css?body=1" for ::1 at 2015-05-16 15:15:21 -0400


Started GET "/assets/jquery.self-d03a5518f45df77341bdbe6201ba3bfa547ebba8ed64f0ea56bfa5f96ea7c074.js?body=1" for ::1 at 2015-05-16 15:15:21 -0400


Started GET "/assets/jquery_ujs.self-8e98a7a072a6cee1372d19fff9ff3e6aa1e39a37d89d6f06861637d061113ee7.js?body=1" for ::1 at 2015-05-16 15:15:21 -0400


Started GET "/assets/turbolinks.self-c37727e9bd6b2735da5c311aa83fead54ed0be6cc8bd9a65309e9c5abe2cbfff.js?body=1" for ::1 at 2015-05-16 15:15:21 -0400


Started GET "/assets/food_categories.self-877aef30ae1b040ab8a3aba4e3e309a11d7f2612f44dde450b5c157aa5f95c05.js?body=1" for ::1 at 2015-05-16 15:15:21 -0400


Started GET "/assets/foods.self-19a187bec6cdb96d6de80a61c16c857c613536adf9138476bd367db38d282635.js?body=1" for ::1 at 2015-05-16 15:15:21 -0400


Started GET "/assets/application.self-3b8dabdc891efe46b9a144b400ad69e37d7e5876bdc39dee783419a69d7ca819.js?body=1" for ::1 at 2015-05-16 15:15:21 -0400
